2022-04-28 17:27:04,615 INFO: 
                ____                _       _____  ____
               / __ ) ____ _ _____ (_)_____/ ___/ / __ \
              / __  |/ __ `// ___// // ___/\__ \ / /_/ /
             / /_/ // /_/ /(__  )/ // /__ ___/ // _, _/
            /_____/ \__,_//____//_/ \___//____//_/ |_|
     ______                   __   __                 __      __
    / ____/____   ____   ____/ /  / /   __  __ _____ / /__   / /
   / / __ / __ \ / __ \ / __  /  / /   / / / // ___// //_/  / /
  / /_/ // /_/ // /_/ // /_/ /  / /___/ /_/ // /__ / /<    /_/
  \____/ \____/ \____/ \____/  /_____/\____/ \___//_/|_|  (_)
    
Version Information: 
	BasicSR: 1.3.5
	PyTorch: 1.11.0
	TorchVision: 0.12.0
2022-04-28 17:27:04,615 INFO: 
  name: finetune_RealESRGANx4plus_500k_CNF_pairdata
  model_type: RealESRGANModel
  scale: 4
  num_gpu: 2
  manual_seed: 0
  l1_gt_usm: True
  percep_gt_usm: True
  gan_gt_usm: False
  high_order_degradation: False
  datasets:[
    train:[
      name: DIV2K
      type: RealESRGANPairedDataset
      dataroot_gt: datasets/CNF
      dataroot_lq: datasets/CNF
      meta_info: datasets/meta_info/meta_info_DF2Kmultiscale_OST.txt
      io_backend:[
        type: disk
      ]
      gt_size: 256
      use_hflip: True
      use_rot: False
      use_shuffle: True
      num_worker_per_gpu: 4
      batch_size_per_gpu: 10
      dataset_enlarge_ratio: 1
      prefetch_mode: None
      phase: train
      scale: 4
    ]
    val:[
      name: validation
      type: PairedImageDataset
      dataroot_gt: /bsuhome/dustinrobinson275/final/Real-ESRGAN/datasets/CNF
      dataroot_lq: /bsuhome/dustinrobinson275/final/Real-ESRGAN/datasets/CNF
      meta_info: /bsuhome/dustinrobinson275/final/Real-ESRGAN/datasets/meta_info/meta_info_validation_pairs.txt
      io_backend:[
        type: disk
      ]
      phase: val
      scale: 4
    ]
  ]
  network_g:[
    type: RRDBNet
    num_in_ch: 3
    num_out_ch: 3
    num_feat: 64
    num_block: 23
    num_grow_ch: 32
  ]
  network_d:[
    type: UNetDiscriminatorSN
    num_in_ch: 3
    num_feat: 64
    skip_connection: True
  ]
  path:[
    pretrain_network_g: experiments/pretrained_models/RealESRGAN_x4plus.pth
    param_key_g: params_ema
    strict_load_g: True
    pretrain_network_d: experiments/pretrained_models/RealESRGAN_x4plus_netD.pth
    param_key_d: params
    strict_load_d: True
    resume_state: None
    experiments_root: /bsuhome/dustinrobinson275/final/Real-ESRGAN/experiments/finetune_RealESRGANx4plus_500k_CNF_pairdata
    models: /bsuhome/dustinrobinson275/final/Real-ESRGAN/experiments/finetune_RealESRGANx4plus_500k_CNF_pairdata/models
    training_states: /bsuhome/dustinrobinson275/final/Real-ESRGAN/experiments/finetune_RealESRGANx4plus_500k_CNF_pairdata/training_states
    log: /bsuhome/dustinrobinson275/final/Real-ESRGAN/experiments/finetune_RealESRGANx4plus_500k_CNF_pairdata
    visualization: /bsuhome/dustinrobinson275/final/Real-ESRGAN/experiments/finetune_RealESRGANx4plus_500k_CNF_pairdata/visualization
  ]
  train:[
    ema_decay: 0.999
    optim_g:[
      type: Adam
      lr: 0.0001
      weight_decay: 0
      betas: [0.9, 0.99]
    ]
    optim_d:[
      type: Adam
      lr: 0.0001
      weight_decay: 0
      betas: [0.9, 0.99]
    ]
    scheduler:[
      type: MultiStepLR
      milestones: [50000]
      gamma: 0.5
    ]
    total_iter: 100000
    warmup_iter: -1
    pixel_opt:[
      type: L1Loss
      loss_weight: 1.0
      reduction: mean
    ]
    perceptual_opt:[
      type: PerceptualLoss
      layer_weights:[
        conv1_2: 0.1
        conv2_2: 0.1
        conv3_4: 1
        conv4_4: 1
        conv5_4: 1
      ]
      vgg_type: vgg19
      use_input_norm: True
      perceptual_weight: 1.0
      style_weight: 0
      range_norm: False
      criterion: l1
    ]
    gan_opt:[
      type: GANLoss
      gan_type: vanilla
      real_label_val: 1.0
      fake_label_val: 0.0
      loss_weight: 0.1
    ]
    net_d_iters: 1
    net_d_init_iters: 0
  ]
  val:[
    val_freq: 5000.0
    save_img: True
    metrics:[
      psnr:[
        type: calculate_psnr
        crop_border: 4
        test_y_channel: False
      ]
      ssim:[
        type: calculate_ssim
        crop_border: 4
        test_y_channel: False
      ]
    ]
  ]
  logger:[
    print_freq: 500
    save_checkpoint_freq: 5000.0
    use_tb_logger: True
    wandb:[
      project: None
      resume_id: None
    ]
  ]
  dist_params:[
    backend: nccl
    port: 29500
  ]
  dist: True
  rank: 0
  world_size: 2
  auto_resume: True
  is_train: True
  root_path: /bsuhome/dustinrobinson275/final/Real-ESRGAN

