2022-04-26 21:53:49,995 INFO: 
                ____                _       _____  ____
               / __ ) ____ _ _____ (_)_____/ ___/ / __ \
              / __  |/ __ `// ___// // ___/\__ \ / /_/ /
             / /_/ // /_/ /(__  )/ // /__ ___/ // _, _/
            /_____/ \__,_//____//_/ \___//____//_/ |_|
     ______                   __   __                 __      __
    / ____/____   ____   ____/ /  / /   __  __ _____ / /__   / /
   / / __ / __ \ / __ \ / __  /  / /   / / / // ___// //_/  / /
  / /_/ // /_/ // /_/ // /_/ /  / /___/ /_/ // /__ / /<    /_/
  \____/ \____/ \____/ \____/  /_____/\____/ \___//_/|_|  (_)
    
Version Information: 
	BasicSR: 1.3.5
	PyTorch: 1.11.0
	TorchVision: 0.12.0
2022-04-26 21:53:49,995 INFO: 
  name: train_RealESRNetx4plus_1000k_B12G4
  model_type: RealESRNetModel
  scale: 4
  num_gpu: 2
  manual_seed: 0
  gt_usm: True
  resize_prob: [0.2, 0.7, 0.1]
  resize_range: [0.15, 1.5]
  gaussian_noise_prob: 0.5
  noise_range: [1, 30]
  poisson_scale_range: [0.05, 3]
  gray_noise_prob: 0.4
  jpeg_range: [30, 95]
  second_blur_prob: 0.8
  resize_prob2: [0.3, 0.4, 0.3]
  resize_range2: [0.3, 1.2]
  gaussian_noise_prob2: 0.5
  noise_range2: [1, 25]
  poisson_scale_range2: [0.05, 2.5]
  gray_noise_prob2: 0.4
  jpeg_range2: [30, 95]
  gt_size: 256
  queue_size: 180
  datasets:[
    train:[
      name: DF2K+OST
      type: RealESRGANDataset
      dataroot_gt: datasets/DF2K
      meta_info: datasets/meta_info/meta_info_DF2Kmultiscale_OST.txt
      io_backend:[
        type: disk
      ]
      blur_kernel_size: 21
      kernel_list: ['iso', 'aniso', 'generalized_iso', 'generalized_aniso', 'plateau_iso', 'plateau_aniso']
      kernel_prob: [0.45, 0.25, 0.12, 0.03, 0.12, 0.03]
      sinc_prob: 0.1
      blur_sigma: [0.2, 3]
      betag_range: [0.5, 4]
      betap_range: [1, 2]
      blur_kernel_size2: 21
      kernel_list2: ['iso', 'aniso', 'generalized_iso', 'generalized_aniso', 'plateau_iso', 'plateau_aniso']
      kernel_prob2: [0.45, 0.25, 0.12, 0.03, 0.12, 0.03]
      sinc_prob2: 0.1
      blur_sigma2: [0.2, 1.5]
      betag_range2: [0.5, 4]
      betap_range2: [1, 2]
      final_sinc_prob: 0.8
      gt_size: 256
      use_hflip: True
      use_rot: False
      use_shuffle: True
      num_worker_per_gpu: 5
      batch_size_per_gpu: 12
      dataset_enlarge_ratio: 1
      prefetch_mode: None
      phase: train
      scale: 4
    ]
    val:[
      name: validation
      type: PairedImageDataset
      dataroot_gt: datasets/validation
      dataroot_lq: datasets/validation
      meta_info: datasets/meta_info/meta_info_validation_pairs.txt
      io_backend:[
        type: disk
      ]
      phase: val
      scale: 4
    ]
  ]
  network_g:[
    type: RRDBNet
    num_in_ch: 3
    num_out_ch: 3
    num_feat: 64
    num_block: 23
    num_grow_ch: 32
  ]
  path:[
    pretrain_network_g: experiments/pretrained_models/ESRGAN_SRx4_DF2KOST_official-ff704c30.pth
    param_key_g: params_ema
    strict_load_g: True
    resume_state: None
    experiments_root: /bsuhome/dustinrobinson275/final/Real-ESRGAN/experiments/train_RealESRNetx4plus_1000k_B12G4
    models: /bsuhome/dustinrobinson275/final/Real-ESRGAN/experiments/train_RealESRNetx4plus_1000k_B12G4/models
    training_states: /bsuhome/dustinrobinson275/final/Real-ESRGAN/experiments/train_RealESRNetx4plus_1000k_B12G4/training_states
    log: /bsuhome/dustinrobinson275/final/Real-ESRGAN/experiments/train_RealESRNetx4plus_1000k_B12G4
    visualization: /bsuhome/dustinrobinson275/final/Real-ESRGAN/experiments/train_RealESRNetx4plus_1000k_B12G4/visualization
  ]
  train:[
    ema_decay: 0.999
    optim_g:[
      type: Adam
      lr: 0.0002
      weight_decay: 0
      betas: [0.9, 0.99]
    ]
    scheduler:[
      type: MultiStepLR
      milestones: [1000000]
      gamma: 0.5
    ]
    total_iter: 10000
    warmup_iter: -1
    pixel_opt:[
      type: L1Loss
      loss_weight: 1.0
      reduction: mean
    ]
  ]
  val:[
    val_freq: 5000.0
    save_img: True
    metrics:[
      psnr:[
        type: calculate_psnr
        crop_border: 4
        test_y_channel: False
      ]
      ssim:[
        type: calculate_ssim
        crop_border: 4
        test_y_channel: False
      ]
    ]
  ]
  logger:[
    print_freq: 100
    save_checkpoint_freq: 5000.0
    use_tb_logger: True
    wandb:[
      project: None
      resume_id: None
    ]
  ]
  dist_params:[
    backend: nccl
    port: 29500
  ]
  dist: True
  rank: 0
  world_size: 2
  auto_resume: True
  is_train: True
  root_path: /bsuhome/dustinrobinson275/final/Real-ESRGAN

2022-04-26 21:53:50,330 INFO: Dataset [RealESRGANDataset] - DF2K+OST is built.
2022-04-26 21:53:50,330 INFO: Training statistics:
	Number of train images: 202891
	Dataset enlarge ratio: 1
	Batch size per gpu: 12
	World size (gpu number): 2
	Require iter number per epoch: 8454
	Total epochs: 2; iters: 10000.
2022-04-26 21:53:50,331 INFO: Dataset [PairedImageDataset] - validation is built.
2022-04-26 21:53:50,331 INFO: Number of val images/folders in validation: 0
2022-04-26 21:53:50,597 INFO: Network [RRDBNet] is created.
2022-04-26 21:53:52,819 INFO: Network: DistributedDataParallel - RRDBNet, with parameters: 16,697,987
2022-04-26 21:53:52,819 INFO: RRDBNet(
  (conv_first): Conv2d(3, 64, kernel_size=(3, 3), stride=(1, 1), padding=(1, 1))
  (body): Sequential(
    (0): RRDB(
      (rdb1): ResidualDenseBlock(
        (conv1): Conv2d(64, 32, kernel_size=(3, 3), stride=(1, 1), padding=(1, 1))
        (conv2): Conv2d(96, 32, kernel_size=(3, 3), stride=(1, 1), padding=(1, 1))
        (conv3): Conv2d(128, 32, kernel_size=(3, 3), stride=(1, 1), padding=(1, 1))
        (conv4): Conv2d(160, 32, kernel_size=(3, 3), stride=(1, 1), padding=(1, 1))
        (conv5): Conv2d(192, 64, kernel_size=(3, 3), stride=(1, 1), padding=(1, 1))
        (lrelu): LeakyReLU(negative_slope=0.2, inplace=True)
      )
      (rdb2): ResidualDenseBlock(
        (conv1): Conv2d(64, 32, kernel_size=(3, 3), stride=(1, 1), padding=(1, 1))
        (conv2): Conv2d(96, 32, kernel_size=(3, 3), stride=(1, 1), padding=(1, 1))
        (conv3): Conv2d(128, 32, kernel_size=(3, 3), stride=(1, 1), padding=(1, 1))
        (conv4): Conv2d(160, 32, kernel_size=(3, 3), stride=(1, 1), padding=(1, 1))
        (conv5): Conv2d(192, 64, kernel_size=(3, 3), stride=(1, 1), padding=(1, 1))
        (lrelu): LeakyReLU(negative_slope=0.2, inplace=True)
      )
      (rdb3): ResidualDenseBlock(
        (conv1): Conv2d(64, 32, kernel_size=(3, 3), stride=(1, 1), padding=(1, 1))
        (conv2): Conv2d(96, 32, kernel_size=(3, 3), stride=(1, 1), padding=(1, 1))
        (conv3): Conv2d(128, 32, kernel_size=(3, 3), stride=(1, 1), padding=(1, 1))
        (conv4): Conv2d(160, 32, kernel_size=(3, 3), stride=(1, 1), padding=(1, 1))
        (conv5): Conv2d(192, 64, kernel_size=(3, 3), stride=(1, 1), padding=(1, 1))
        (lrelu): LeakyReLU(negative_slope=0.2, inplace=True)
      )
    )
    (1): RRDB(
      (rdb1): ResidualDenseBlock(
        (conv1): Conv2d(64, 32, kernel_size=(3, 3), stride=(1, 1), padding=(1, 1))
        (conv2): Conv2d(96, 32, kernel_size=(3, 3), stride=(1, 1), padding=(1, 1))
        (conv3): Conv2d(128, 32, kernel_size=(3, 3), stride=(1, 1), padding=(1, 1))
        (conv4): Conv2d(160, 32, kernel_size=(3, 3), stride=(1, 1), padding=(1, 1))
        (conv5): Conv2d(192, 64, kernel_size=(3, 3), stride=(1, 1), padding=(1, 1))
        (lrelu): LeakyReLU(negative_slope=0.2, inplace=True)
      )
      (rdb2): ResidualDenseBlock(
        (conv1): Conv2d(64, 32, kernel_size=(3, 3), stride=(1, 1), padding=(1, 1))
        (conv2): Conv2d(96, 32, kernel_size=(3, 3), stride=(1, 1), padding=(1, 1))
        (conv3): Conv2d(128, 32, kernel_size=(3, 3), stride=(1, 1), padding=(1, 1))
        (conv4): Conv2d(160, 32, kernel_size=(3, 3), stride=(1, 1), padding=(1, 1))
        (conv5): Conv2d(192, 64, kernel_size=(3, 3), stride=(1, 1), padding=(1, 1))
        (lrelu): LeakyReLU(negative_slope=0.2, inplace=True)
      )
      (rdb3): ResidualDenseBlock(
        (conv1): Conv2d(64, 32, kernel_size=(3, 3), stride=(1, 1), padding=(1, 1))
        (conv2): Conv2d(96, 32, kernel_size=(3, 3), stride=(1, 1), padding=(1, 1))
        (conv3): Conv2d(128, 32, kernel_size=(3, 3), stride=(1, 1), padding=(1, 1))
        (conv4): Conv2d(160, 32, kernel_size=(3, 3), stride=(1, 1), padding=(1, 1))
        (conv5): Conv2d(192, 64, kernel_size=(3, 3), stride=(1, 1), padding=(1, 1))
        (lrelu): LeakyReLU(negative_slope=0.2, inplace=True)
      )
    )
    (2): RRDB(
      (rdb1): ResidualDenseBlock(
        (conv1): Conv2d(64, 32, kernel_size=(3, 3), stride=(1, 1), padding=(1, 1))
        (conv2): Conv2d(96, 32, kernel_size=(3, 3), stride=(1, 1), padding=(1, 1))
        (conv3): Conv2d(128, 32, kernel_size=(3, 3), stride=(1, 1), padding=(1, 1))
        (conv4): Conv2d(160, 32, kernel_size=(3, 3), stride=(1, 1), padding=(1, 1))
        (conv5): Conv2d(192, 64, kernel_size=(3, 3), stride=(1, 1), padding=(1, 1))
        (lrelu): LeakyReLU(negative_slope=0.2, inplace=True)
      )
      (rdb2): ResidualDenseBlock(
        (conv1): Conv2d(64, 32, kernel_size=(3, 3), stride=(1, 1), padding=(1, 1))
        (conv2): Conv2d(96, 32, kernel_size=(3, 3), stride=(1, 1), padding=(1, 1))
        (conv3): Conv2d(128, 32, kernel_size=(3, 3), stride=(1, 1), padding=(1, 1))
        (conv4): Conv2d(160, 32, kernel_size=(3, 3), stride=(1, 1), padding=(1, 1))
        (conv5): Conv2d(192, 64, kernel_size=(3, 3), stride=(1, 1), padding=(1, 1))
        (lrelu): LeakyReLU(negative_slope=0.2, inplace=True)
      )
      (rdb3): ResidualDenseBlock(
        (conv1): Conv2d(64, 32, kernel_size=(3, 3), stride=(1, 1), padding=(1, 1))
        (conv2): Conv2d(96, 32, kernel_size=(3, 3), stride=(1, 1), padding=(1, 1))
        (conv3): Conv2d(128, 32, kernel_size=(3, 3), stride=(1, 1), padding=(1, 1))
        (conv4): Conv2d(160, 32, kernel_size=(3, 3), stride=(1, 1), padding=(1, 1))
        (conv5): Conv2d(192, 64, kernel_size=(3, 3), stride=(1, 1), padding=(1, 1))
        (lrelu): LeakyReLU(negative_slope=0.2, inplace=True)
      )
    )
    (3): RRDB(
      (rdb1): ResidualDenseBlock(
        (conv1): Conv2d(64, 32, kernel_size=(3, 3), stride=(1, 1), padding=(1, 1))
        (conv2): Conv2d(96, 32, kernel_size=(3, 3), stride=(1, 1), padding=(1, 1))
        (conv3): Conv2d(128, 32, kernel_size=(3, 3), stride=(1, 1), padding=(1, 1))
        (conv4): Conv2d(160, 32, kernel_size=(3, 3), stride=(1, 1), padding=(1, 1))
        (conv5): Conv2d(192, 64, kernel_size=(3, 3), stride=(1, 1), padding=(1, 1))
        (lrelu): LeakyReLU(negative_slope=0.2, inplace=True)
      )
      (rdb2): ResidualDenseBlock(
        (conv1): Conv2d(64, 32, kernel_size=(3, 3), stride=(1, 1), padding=(1, 1))
        (conv2): Conv2d(96, 32, kernel_size=(3, 3), stride=(1, 1), padding=(1, 1))
        (conv3): Conv2d(128, 32, kernel_size=(3, 3), stride=(1, 1), padding=(1, 1))
        (conv4): Conv2d(160, 32, kernel_size=(3, 3), stride=(1, 1), padding=(1, 1))
        (conv5): Conv2d(192, 64, kernel_size=(3, 3), stride=(1, 1), padding=(1, 1))
        (lrelu): LeakyReLU(negative_slope=0.2, inplace=True)
      )
      (rdb3): ResidualDenseBlock(
        (conv1): Conv2d(64, 32, kernel_size=(3, 3), stride=(1, 1), padding=(1, 1))
        (conv2): Conv2d(96, 32, kernel_size=(3, 3), stride=(1, 1), padding=(1, 1))
        (conv3): Conv2d(128, 32, kernel_size=(3, 3), stride=(1, 1), padding=(1, 1))
        (conv4): Conv2d(160, 32, kernel_size=(3, 3), stride=(1, 1), padding=(1, 1))
        (conv5): Conv2d(192, 64, kernel_size=(3, 3), stride=(1, 1), padding=(1, 1))
        (lrelu): LeakyReLU(negative_slope=0.2, inplace=True)
      )
    )
    (4): RRDB(
      (rdb1): ResidualDenseBlock(
        (conv1): Conv2d(64, 32, kernel_size=(3, 3), stride=(1, 1), padding=(1, 1))
        (conv2): Conv2d(96, 32, kernel_size=(3, 3), stride=(1, 1), padding=(1, 1))
        (conv3): Conv2d(128, 32, kernel_size=(3, 3), stride=(1, 1), padding=(1, 1))
        (conv4): Conv2d(160, 32, kernel_size=(3, 3), stride=(1, 1), padding=(1, 1))
        (conv5): Conv2d(192, 64, kernel_size=(3, 3), stride=(1, 1), padding=(1, 1))
        (lrelu): LeakyReLU(negative_slope=0.2, inplace=True)
      )
      (rdb2): ResidualDenseBlock(
        (conv1): Conv2d(64, 32, kernel_size=(3, 3), stride=(1, 1), padding=(1, 1))
        (conv2): Conv2d(96, 32, kernel_size=(3, 3), stride=(1, 1), padding=(1, 1))
        (conv3): Conv2d(128, 32, kernel_size=(3, 3), stride=(1, 1), padding=(1, 1))
        (conv4): Conv2d(160, 32, kernel_size=(3, 3), stride=(1, 1), padding=(1, 1))
        (conv5): Conv2d(192, 64, kernel_size=(3, 3), stride=(1, 1), padding=(1, 1))
        (lrelu): LeakyReLU(negative_slope=0.2, inplace=True)
      )
      (rdb3): ResidualDenseBlock(
        (conv1): Conv2d(64, 32, kernel_size=(3, 3), stride=(1, 1), padding=(1, 1))
        (conv2): Conv2d(96, 32, kernel_size=(3, 3), stride=(1, 1), padding=(1, 1))
        (conv3): Conv2d(128, 32, kernel_size=(3, 3), stride=(1, 1), padding=(1, 1))
        (conv4): Conv2d(160, 32, kernel_size=(3, 3), stride=(1, 1), padding=(1, 1))
        (conv5): Conv2d(192, 64, kernel_size=(3, 3), stride=(1, 1), padding=(1, 1))
        (lrelu): LeakyReLU(negative_slope=0.2, inplace=True)
      )
    )
    (5): RRDB(
      (rdb1): ResidualDenseBlock(
        (conv1): Conv2d(64, 32, kernel_size=(3, 3), stride=(1, 1), padding=(1, 1))
        (conv2): Conv2d(96, 32, kernel_size=(3, 3), stride=(1, 1), padding=(1, 1))
        (conv3): Conv2d(128, 32, kernel_size=(3, 3), stride=(1, 1), padding=(1, 1))
        (conv4): Conv2d(160, 32, kernel_size=(3, 3), stride=(1, 1), padding=(1, 1))
        (conv5): Conv2d(192, 64, kernel_size=(3, 3), stride=(1, 1), padding=(1, 1))
        (lrelu): LeakyReLU(negative_slope=0.2, inplace=True)
      )
      (rdb2): ResidualDenseBlock(
        (conv1): Conv2d(64, 32, kernel_size=(3, 3), stride=(1, 1), padding=(1, 1))
        (conv2): Conv2d(96, 32, kernel_size=(3, 3), stride=(1, 1), padding=(1, 1))
        (conv3): Conv2d(128, 32, kernel_size=(3, 3), stride=(1, 1), padding=(1, 1))
        (conv4): Conv2d(160, 32, kernel_size=(3, 3), stride=(1, 1), padding=(1, 1))
        (conv5): Conv2d(192, 64, kernel_size=(3, 3), stride=(1, 1), padding=(1, 1))
        (lrelu): LeakyReLU(negative_slope=0.2, inplace=True)
      )
      (rdb3): ResidualDenseBlock(
        (conv1): Conv2d(64, 32, kernel_size=(3, 3), stride=(1, 1), padding=(1, 1))
        (conv2): Conv2d(96, 32, kernel_size=(3, 3), stride=(1, 1), padding=(1, 1))
        (conv3): Conv2d(128, 32, kernel_size=(3, 3), stride=(1, 1), padding=(1, 1))
        (conv4): Conv2d(160, 32, kernel_size=(3, 3), stride=(1, 1), padding=(1, 1))
        (conv5): Conv2d(192, 64, kernel_size=(3, 3), stride=(1, 1), padding=(1, 1))
        (lrelu): LeakyReLU(negative_slope=0.2, inplace=True)
      )
    )
    (6): RRDB(
      (rdb1): ResidualDenseBlock(
        (conv1): Conv2d(64, 32, kernel_size=(3, 3), stride=(1, 1), padding=(1, 1))
        (conv2): Conv2d(96, 32, kernel_size=(3, 3), stride=(1, 1), padding=(1, 1))
        (conv3): Conv2d(128, 32, kernel_size=(3, 3), stride=(1, 1), padding=(1, 1))
        (conv4): Conv2d(160, 32, kernel_size=(3, 3), stride=(1, 1), padding=(1, 1))
        (conv5): Conv2d(192, 64, kernel_size=(3, 3), stride=(1, 1), padding=(1, 1))
        (lrelu): LeakyReLU(negative_slope=0.2, inplace=True)
      )
      (rdb2): ResidualDenseBlock(
        (conv1): Conv2d(64, 32, kernel_size=(3, 3), stride=(1, 1), padding=(1, 1))
        (conv2): Conv2d(96, 32, kernel_size=(3, 3), stride=(1, 1), padding=(1, 1))
        (conv3): Conv2d(128, 32, kernel_size=(3, 3), stride=(1, 1), padding=(1, 1))
        (conv4): Conv2d(160, 32, kernel_size=(3, 3), stride=(1, 1), padding=(1, 1))
        (conv5): Conv2d(192, 64, kernel_size=(3, 3), stride=(1, 1), padding=(1, 1))
        (lrelu): LeakyReLU(negative_slope=0.2, inplace=True)
      )
      (rdb3): ResidualDenseBlock(
        (conv1): Conv2d(64, 32, kernel_size=(3, 3), stride=(1, 1), padding=(1, 1))
        (conv2): Conv2d(96, 32, kernel_size=(3, 3), stride=(1, 1), padding=(1, 1))
        (conv3): Conv2d(128, 32, kernel_size=(3, 3), stride=(1, 1), padding=(1, 1))
        (conv4): Conv2d(160, 32, kernel_size=(3, 3), stride=(1, 1), padding=(1, 1))
        (conv5): Conv2d(192, 64, kernel_size=(3, 3), stride=(1, 1), padding=(1, 1))
        (lrelu): LeakyReLU(negative_slope=0.2, inplace=True)
      )
    )
    (7): RRDB(
      (rdb1): ResidualDenseBlock(
        (conv1): Conv2d(64, 32, kernel_size=(3, 3), stride=(1, 1), padding=(1, 1))
        (conv2): Conv2d(96, 32, kernel_size=(3, 3), stride=(1, 1), padding=(1, 1))
        (conv3): Conv2d(128, 32, kernel_size=(3, 3), stride=(1, 1), padding=(1, 1))
        (conv4): Conv2d(160, 32, kernel_size=(3, 3), stride=(1, 1), padding=(1, 1))
        (conv5): Conv2d(192, 64, kernel_size=(3, 3), stride=(1, 1), padding=(1, 1))
        (lrelu): LeakyReLU(negative_slope=0.2, inplace=True)
      )
      (rdb2): ResidualDenseBlock(
        (conv1): Conv2d(64, 32, kernel_size=(3, 3), stride=(1, 1), padding=(1, 1))
        (conv2): Conv2d(96, 32, kernel_size=(3, 3), stride=(1, 1), padding=(1, 1))
        (conv3): Conv2d(128, 32, kernel_size=(3, 3), stride=(1, 1), padding=(1, 1))
        (conv4): Conv2d(160, 32, kernel_size=(3, 3), stride=(1, 1), padding=(1, 1))
        (conv5): Conv2d(192, 64, kernel_size=(3, 3), stride=(1, 1), padding=(1, 1))
        (lrelu): LeakyReLU(negative_slope=0.2, inplace=True)
      )
      (rdb3): ResidualDenseBlock(
        (conv1): Conv2d(64, 32, kernel_size=(3, 3), stride=(1, 1), padding=(1, 1))
        (conv2): Conv2d(96, 32, kernel_size=(3, 3), stride=(1, 1), padding=(1, 1))
        (conv3): Conv2d(128, 32, kernel_size=(3, 3), stride=(1, 1), padding=(1, 1))
        (conv4): Conv2d(160, 32, kernel_size=(3, 3), stride=(1, 1), padding=(1, 1))
        (conv5): Conv2d(192, 64, kernel_size=(3, 3), stride=(1, 1), padding=(1, 1))
        (lrelu): LeakyReLU(negative_slope=0.2, inplace=True)
      )
    )
    (8): RRDB(
      (rdb1): ResidualDenseBlock(
        (conv1): Conv2d(64, 32, kernel_size=(3, 3), stride=(1, 1), padding=(1, 1))
        (conv2): Conv2d(96, 32, kernel_size=(3, 3), stride=(1, 1), padding=(1, 1))
        (conv3): Conv2d(128, 32, kernel_size=(3, 3), stride=(1, 1), padding=(1, 1))
        (conv4): Conv2d(160, 32, kernel_size=(3, 3), stride=(1, 1), padding=(1, 1))
        (conv5): Conv2d(192, 64, kernel_size=(3, 3), stride=(1, 1), padding=(1, 1))
        (lrelu): LeakyReLU(negative_slope=0.2, inplace=True)
      )
      (rdb2): ResidualDenseBlock(
        (conv1): Conv2d(64, 32, kernel_size=(3, 3), stride=(1, 1), padding=(1, 1))
        (conv2): Conv2d(96, 32, kernel_size=(3, 3), stride=(1, 1), padding=(1, 1))
        (conv3): Conv2d(128, 32, kernel_size=(3, 3), stride=(1, 1), padding=(1, 1))
        (conv4): Conv2d(160, 32, kernel_size=(3, 3), stride=(1, 1), padding=(1, 1))
        (conv5): Conv2d(192, 64, kernel_size=(3, 3), stride=(1, 1), padding=(1, 1))
        (lrelu): LeakyReLU(negative_slope=0.2, inplace=True)
      )
      (rdb3): ResidualDenseBlock(
        (conv1): Conv2d(64, 32, kernel_size=(3, 3), stride=(1, 1), padding=(1, 1))
        (conv2): Conv2d(96, 32, kernel_size=(3, 3), stride=(1, 1), padding=(1, 1))
        (conv3): Conv2d(128, 32, kernel_size=(3, 3), stride=(1, 1), padding=(1, 1))
        (conv4): Conv2d(160, 32, kernel_size=(3, 3), stride=(1, 1), padding=(1, 1))
        (conv5): Conv2d(192, 64, kernel_size=(3, 3), stride=(1, 1), padding=(1, 1))
        (lrelu): LeakyReLU(negative_slope=0.2, inplace=True)
      )
    )
    (9): RRDB(
      (rdb1): ResidualDenseBlock(
        (conv1): Conv2d(64, 32, kernel_size=(3, 3), stride=(1, 1), padding=(1, 1))
        (conv2): Conv2d(96, 32, kernel_size=(3, 3), stride=(1, 1), padding=(1, 1))
        (conv3): Conv2d(128, 32, kernel_size=(3, 3), stride=(1, 1), padding=(1, 1))
        (conv4): Conv2d(160, 32, kernel_size=(3, 3), stride=(1, 1), padding=(1, 1))
        (conv5): Conv2d(192, 64, kernel_size=(3, 3), stride=(1, 1), padding=(1, 1))
        (lrelu): LeakyReLU(negative_slope=0.2, inplace=True)
      )
      (rdb2): ResidualDenseBlock(
        (conv1): Conv2d(64, 32, kernel_size=(3, 3), stride=(1, 1), padding=(1, 1))
        (conv2): Conv2d(96, 32, kernel_size=(3, 3), stride=(1, 1), padding=(1, 1))
        (conv3): Conv2d(128, 32, kernel_size=(3, 3), stride=(1, 1), padding=(1, 1))
        (conv4): Conv2d(160, 32, kernel_size=(3, 3), stride=(1, 1), padding=(1, 1))
        (conv5): Conv2d(192, 64, kernel_size=(3, 3), stride=(1, 1), padding=(1, 1))
        (lrelu): LeakyReLU(negative_slope=0.2, inplace=True)
      )
      (rdb3): ResidualDenseBlock(
        (conv1): Conv2d(64, 32, kernel_size=(3, 3), stride=(1, 1), padding=(1, 1))
        (conv2): Conv2d(96, 32, kernel_size=(3, 3), stride=(1, 1), padding=(1, 1))
        (conv3): Conv2d(128, 32, kernel_size=(3, 3), stride=(1, 1), padding=(1, 1))
        (conv4): Conv2d(160, 32, kernel_size=(3, 3), stride=(1, 1), padding=(1, 1))
        (conv5): Conv2d(192, 64, kernel_size=(3, 3), stride=(1, 1), padding=(1, 1))
        (lrelu): LeakyReLU(negative_slope=0.2, inplace=True)
      )
    )
    (10): RRDB(
      (rdb1): ResidualDenseBlock(
        (conv1): Conv2d(64, 32, kernel_size=(3, 3), stride=(1, 1), padding=(1, 1))
        (conv2): Conv2d(96, 32, kernel_size=(3, 3), stride=(1, 1), padding=(1, 1))
        (conv3): Conv2d(128, 32, kernel_size=(3, 3), stride=(1, 1), padding=(1, 1))
        (conv4): Conv2d(160, 32, kernel_size=(3, 3), stride=(1, 1), padding=(1, 1))
        (conv5): Conv2d(192, 64, kernel_size=(3, 3), stride=(1, 1), padding=(1, 1))
        (lrelu): LeakyReLU(negative_slope=0.2, inplace=True)
      )
      (rdb2): ResidualDenseBlock(
        (conv1): Conv2d(64, 32, kernel_size=(3, 3), stride=(1, 1), padding=(1, 1))
        (conv2): Conv2d(96, 32, kernel_size=(3, 3), stride=(1, 1), padding=(1, 1))
        (conv3): Conv2d(128, 32, kernel_size=(3, 3), stride=(1, 1), padding=(1, 1))
        (conv4): Conv2d(160, 32, kernel_size=(3, 3), stride=(1, 1), padding=(1, 1))
        (conv5): Conv2d(192, 64, kernel_size=(3, 3), stride=(1, 1), padding=(1, 1))
        (lrelu): LeakyReLU(negative_slope=0.2, inplace=True)
      )
      (rdb3): ResidualDenseBlock(
        (conv1): Conv2d(64, 32, kernel_size=(3, 3), stride=(1, 1), padding=(1, 1))
        (conv2): Conv2d(96, 32, kernel_size=(3, 3), stride=(1, 1), padding=(1, 1))
        (conv3): Conv2d(128, 32, kernel_size=(3, 3), stride=(1, 1), padding=(1, 1))
        (conv4): Conv2d(160, 32, kernel_size=(3, 3), stride=(1, 1), padding=(1, 1))
        (conv5): Conv2d(192, 64, kernel_size=(3, 3), stride=(1, 1), padding=(1, 1))
        (lrelu): LeakyReLU(negative_slope=0.2, inplace=True)
      )
    )
    (11): RRDB(
      (rdb1): ResidualDenseBlock(
        (conv1): Conv2d(64, 32, kernel_size=(3, 3), stride=(1, 1), padding=(1, 1))
        (conv2): Conv2d(96, 32, kernel_size=(3, 3), stride=(1, 1), padding=(1, 1))
        (conv3): Conv2d(128, 32, kernel_size=(3, 3), stride=(1, 1), padding=(1, 1))
        (conv4): Conv2d(160, 32, kernel_size=(3, 3), stride=(1, 1), padding=(1, 1))
        (conv5): Conv2d(192, 64, kernel_size=(3, 3), stride=(1, 1), padding=(1, 1))
        (lrelu): LeakyReLU(negative_slope=0.2, inplace=True)
      )
      (rdb2): ResidualDenseBlock(
        (conv1): Conv2d(64, 32, kernel_size=(3, 3), stride=(1, 1), padding=(1, 1))
        (conv2): Conv2d(96, 32, kernel_size=(3, 3), stride=(1, 1), padding=(1, 1))
        (conv3): Conv2d(128, 32, kernel_size=(3, 3), stride=(1, 1), padding=(1, 1))
        (conv4): Conv2d(160, 32, kernel_size=(3, 3), stride=(1, 1), padding=(1, 1))
        (conv5): Conv2d(192, 64, kernel_size=(3, 3), stride=(1, 1), padding=(1, 1))
        (lrelu): LeakyReLU(negative_slope=0.2, inplace=True)
      )
      (rdb3): ResidualDenseBlock(
        (conv1): Conv2d(64, 32, kernel_size=(3, 3), stride=(1, 1), padding=(1, 1))
        (conv2): Conv2d(96, 32, kernel_size=(3, 3), stride=(1, 1), padding=(1, 1))
        (conv3): Conv2d(128, 32, kernel_size=(3, 3), stride=(1, 1), padding=(1, 1))
        (conv4): Conv2d(160, 32, kernel_size=(3, 3), stride=(1, 1), padding=(1, 1))
        (conv5): Conv2d(192, 64, kernel_size=(3, 3), stride=(1, 1), padding=(1, 1))
        (lrelu): LeakyReLU(negative_slope=0.2, inplace=True)
      )
    )
    (12): RRDB(
      (rdb1): ResidualDenseBlock(
        (conv1): Conv2d(64, 32, kernel_size=(3, 3), stride=(1, 1), padding=(1, 1))
        (conv2): Conv2d(96, 32, kernel_size=(3, 3), stride=(1, 1), padding=(1, 1))
        (conv3): Conv2d(128, 32, kernel_size=(3, 3), stride=(1, 1), padding=(1, 1))
        (conv4): Conv2d(160, 32, kernel_size=(3, 3), stride=(1, 1), padding=(1, 1))
        (conv5): Conv2d(192, 64, kernel_size=(3, 3), stride=(1, 1), padding=(1, 1))
        (lrelu): LeakyReLU(negative_slope=0.2, inplace=True)
      )
      (rdb2): ResidualDenseBlock(
        (conv1): Conv2d(64, 32, kernel_size=(3, 3), stride=(1, 1), padding=(1, 1))
        (conv2): Conv2d(96, 32, kernel_size=(3, 3), stride=(1, 1), padding=(1, 1))
        (conv3): Conv2d(128, 32, kernel_size=(3, 3), stride=(1, 1), padding=(1, 1))
        (conv4): Conv2d(160, 32, kernel_size=(3, 3), stride=(1, 1), padding=(1, 1))
        (conv5): Conv2d(192, 64, kernel_size=(3, 3), stride=(1, 1), padding=(1, 1))
        (lrelu): LeakyReLU(negative_slope=0.2, inplace=True)
      )
      (rdb3): ResidualDenseBlock(
        (conv1): Conv2d(64, 32, kernel_size=(3, 3), stride=(1, 1), padding=(1, 1))
        (conv2): Conv2d(96, 32, kernel_size=(3, 3), stride=(1, 1), padding=(1, 1))
        (conv3): Conv2d(128, 32, kernel_size=(3, 3), stride=(1, 1), padding=(1, 1))
        (conv4): Conv2d(160, 32, kernel_size=(3, 3), stride=(1, 1), padding=(1, 1))
        (conv5): Conv2d(192, 64, kernel_size=(3, 3), stride=(1, 1), padding=(1, 1))
        (lrelu): LeakyReLU(negative_slope=0.2, inplace=True)
      )
    )
    (13): RRDB(
      (rdb1): ResidualDenseBlock(
        (conv1): Conv2d(64, 32, kernel_size=(3, 3), stride=(1, 1), padding=(1, 1))
        (conv2): Conv2d(96, 32, kernel_size=(3, 3), stride=(1, 1), padding=(1, 1))
        (conv3): Conv2d(128, 32, kernel_size=(3, 3), stride=(1, 1), padding=(1, 1))
        (conv4): Conv2d(160, 32, kernel_size=(3, 3), stride=(1, 1), padding=(1, 1))
        (conv5): Conv2d(192, 64, kernel_size=(3, 3), stride=(1, 1), padding=(1, 1))
        (lrelu): LeakyReLU(negative_slope=0.2, inplace=True)
      )
      (rdb2): ResidualDenseBlock(
        (conv1): Conv2d(64, 32, kernel_size=(3, 3), stride=(1, 1), padding=(1, 1))
        (conv2): Conv2d(96, 32, kernel_size=(3, 3), stride=(1, 1), padding=(1, 1))
        (conv3): Conv2d(128, 32, kernel_size=(3, 3), stride=(1, 1), padding=(1, 1))
        (conv4): Conv2d(160, 32, kernel_size=(3, 3), stride=(1, 1), padding=(1, 1))
        (conv5): Conv2d(192, 64, kernel_size=(3, 3), stride=(1, 1), padding=(1, 1))
        (lrelu): LeakyReLU(negative_slope=0.2, inplace=True)
      )
      (rdb3): ResidualDenseBlock(
        (conv1): Conv2d(64, 32, kernel_size=(3, 3), stride=(1, 1), padding=(1, 1))
        (conv2): Conv2d(96, 32, kernel_size=(3, 3), stride=(1, 1), padding=(1, 1))
        (conv3): Conv2d(128, 32, kernel_size=(3, 3), stride=(1, 1), padding=(1, 1))
        (conv4): Conv2d(160, 32, kernel_size=(3, 3), stride=(1, 1), padding=(1, 1))
        (conv5): Conv2d(192, 64, kernel_size=(3, 3), stride=(1, 1), padding=(1, 1))
        (lrelu): LeakyReLU(negative_slope=0.2, inplace=True)
      )
    )
    (14): RRDB(
      (rdb1): ResidualDenseBlock(
        (conv1): Conv2d(64, 32, kernel_size=(3, 3), stride=(1, 1), padding=(1, 1))
        (conv2): Conv2d(96, 32, kernel_size=(3, 3), stride=(1, 1), padding=(1, 1))
        (conv3): Conv2d(128, 32, kernel_size=(3, 3), stride=(1, 1), padding=(1, 1))
        (conv4): Conv2d(160, 32, kernel_size=(3, 3), stride=(1, 1), padding=(1, 1))
        (conv5): Conv2d(192, 64, kernel_size=(3, 3), stride=(1, 1), padding=(1, 1))
        (lrelu): LeakyReLU(negative_slope=0.2, inplace=True)
      )
      (rdb2): ResidualDenseBlock(
        (conv1): Conv2d(64, 32, kernel_size=(3, 3), stride=(1, 1), padding=(1, 1))
        (conv2): Conv2d(96, 32, kernel_size=(3, 3), stride=(1, 1), padding=(1, 1))
        (conv3): Conv2d(128, 32, kernel_size=(3, 3), stride=(1, 1), padding=(1, 1))
        (conv4): Conv2d(160, 32, kernel_size=(3, 3), stride=(1, 1), padding=(1, 1))
        (conv5): Conv2d(192, 64, kernel_size=(3, 3), stride=(1, 1), padding=(1, 1))
        (lrelu): LeakyReLU(negative_slope=0.2, inplace=True)
      )
      (rdb3): ResidualDenseBlock(
        (conv1): Conv2d(64, 32, kernel_size=(3, 3), stride=(1, 1), padding=(1, 1))
        (conv2): Conv2d(96, 32, kernel_size=(3, 3), stride=(1, 1), padding=(1, 1))
        (conv3): Conv2d(128, 32, kernel_size=(3, 3), stride=(1, 1), padding=(1, 1))
        (conv4): Conv2d(160, 32, kernel_size=(3, 3), stride=(1, 1), padding=(1, 1))
        (conv5): Conv2d(192, 64, kernel_size=(3, 3), stride=(1, 1), padding=(1, 1))
        (lrelu): LeakyReLU(negative_slope=0.2, inplace=True)
      )
    )
    (15): RRDB(
      (rdb1): ResidualDenseBlock(
        (conv1): Conv2d(64, 32, kernel_size=(3, 3), stride=(1, 1), padding=(1, 1))
        (conv2): Conv2d(96, 32, kernel_size=(3, 3), stride=(1, 1), padding=(1, 1))
        (conv3): Conv2d(128, 32, kernel_size=(3, 3), stride=(1, 1), padding=(1, 1))
        (conv4): Conv2d(160, 32, kernel_size=(3, 3), stride=(1, 1), padding=(1, 1))
        (conv5): Conv2d(192, 64, kernel_size=(3, 3), stride=(1, 1), padding=(1, 1))
        (lrelu): LeakyReLU(negative_slope=0.2, inplace=True)
      )
      (rdb2): ResidualDenseBlock(
        (conv1): Conv2d(64, 32, kernel_size=(3, 3), stride=(1, 1), padding=(1, 1))
        (conv2): Conv2d(96, 32, kernel_size=(3, 3), stride=(1, 1), padding=(1, 1))
        (conv3): Conv2d(128, 32, kernel_size=(3, 3), stride=(1, 1), padding=(1, 1))
        (conv4): Conv2d(160, 32, kernel_size=(3, 3), stride=(1, 1), padding=(1, 1))
        (conv5): Conv2d(192, 64, kernel_size=(3, 3), stride=(1, 1), padding=(1, 1))
        (lrelu): LeakyReLU(negative_slope=0.2, inplace=True)
      )
      (rdb3): ResidualDenseBlock(
        (conv1): Conv2d(64, 32, kernel_size=(3, 3), stride=(1, 1), padding=(1, 1))
        (conv2): Conv2d(96, 32, kernel_size=(3, 3), stride=(1, 1), padding=(1, 1))
        (conv3): Conv2d(128, 32, kernel_size=(3, 3), stride=(1, 1), padding=(1, 1))
        (conv4): Conv2d(160, 32, kernel_size=(3, 3), stride=(1, 1), padding=(1, 1))
        (conv5): Conv2d(192, 64, kernel_size=(3, 3), stride=(1, 1), padding=(1, 1))
        (lrelu): LeakyReLU(negative_slope=0.2, inplace=True)
      )
    )
    (16): RRDB(
      (rdb1): ResidualDenseBlock(
        (conv1): Conv2d(64, 32, kernel_size=(3, 3), stride=(1, 1), padding=(1, 1))
        (conv2): Conv2d(96, 32, kernel_size=(3, 3), stride=(1, 1), padding=(1, 1))
        (conv3): Conv2d(128, 32, kernel_size=(3, 3), stride=(1, 1), padding=(1, 1))
        (conv4): Conv2d(160, 32, kernel_size=(3, 3), stride=(1, 1), padding=(1, 1))
        (conv5): Conv2d(192, 64, kernel_size=(3, 3), stride=(1, 1), padding=(1, 1))
        (lrelu): LeakyReLU(negative_slope=0.2, inplace=True)
      )
      (rdb2): ResidualDenseBlock(
        (conv1): Conv2d(64, 32, kernel_size=(3, 3), stride=(1, 1), padding=(1, 1))
        (conv2): Conv2d(96, 32, kernel_size=(3, 3), stride=(1, 1), padding=(1, 1))
        (conv3): Conv2d(128, 32, kernel_size=(3, 3), stride=(1, 1), padding=(1, 1))
        (conv4): Conv2d(160, 32, kernel_size=(3, 3), stride=(1, 1), padding=(1, 1))
        (conv5): Conv2d(192, 64, kernel_size=(3, 3), stride=(1, 1), padding=(1, 1))
        (lrelu): LeakyReLU(negative_slope=0.2, inplace=True)
      )
      (rdb3): ResidualDenseBlock(
        (conv1): Conv2d(64, 32, kernel_size=(3, 3), stride=(1, 1), padding=(1, 1))
        (conv2): Conv2d(96, 32, kernel_size=(3, 3), stride=(1, 1), padding=(1, 1))
        (conv3): Conv2d(128, 32, kernel_size=(3, 3), stride=(1, 1), padding=(1, 1))
        (conv4): Conv2d(160, 32, kernel_size=(3, 3), stride=(1, 1), padding=(1, 1))
        (conv5): Conv2d(192, 64, kernel_size=(3, 3), stride=(1, 1), padding=(1, 1))
        (lrelu): LeakyReLU(negative_slope=0.2, inplace=True)
      )
    )
    (17): RRDB(
      (rdb1): ResidualDenseBlock(
        (conv1): Conv2d(64, 32, kernel_size=(3, 3), stride=(1, 1), padding=(1, 1))
        (conv2): Conv2d(96, 32, kernel_size=(3, 3), stride=(1, 1), padding=(1, 1))
        (conv3): Conv2d(128, 32, kernel_size=(3, 3), stride=(1, 1), padding=(1, 1))
        (conv4): Conv2d(160, 32, kernel_size=(3, 3), stride=(1, 1), padding=(1, 1))
        (conv5): Conv2d(192, 64, kernel_size=(3, 3), stride=(1, 1), padding=(1, 1))
        (lrelu): LeakyReLU(negative_slope=0.2, inplace=True)
      )
      (rdb2): ResidualDenseBlock(
        (conv1): Conv2d(64, 32, kernel_size=(3, 3), stride=(1, 1), padding=(1, 1))
        (conv2): Conv2d(96, 32, kernel_size=(3, 3), stride=(1, 1), padding=(1, 1))
        (conv3): Conv2d(128, 32, kernel_size=(3, 3), stride=(1, 1), padding=(1, 1))
        (conv4): Conv2d(160, 32, kernel_size=(3, 3), stride=(1, 1), padding=(1, 1))
        (conv5): Conv2d(192, 64, kernel_size=(3, 3), stride=(1, 1), padding=(1, 1))
        (lrelu): LeakyReLU(negative_slope=0.2, inplace=True)
      )
      (rdb3): ResidualDenseBlock(
        (conv1): Conv2d(64, 32, kernel_size=(3, 3), stride=(1, 1), padding=(1, 1))
        (conv2): Conv2d(96, 32, kernel_size=(3, 3), stride=(1, 1), padding=(1, 1))
        (conv3): Conv2d(128, 32, kernel_size=(3, 3), stride=(1, 1), padding=(1, 1))
        (conv4): Conv2d(160, 32, kernel_size=(3, 3), stride=(1, 1), padding=(1, 1))
        (conv5): Conv2d(192, 64, kernel_size=(3, 3), stride=(1, 1), padding=(1, 1))
        (lrelu): LeakyReLU(negative_slope=0.2, inplace=True)
      )
    )
    (18): RRDB(
      (rdb1): ResidualDenseBlock(
        (conv1): Conv2d(64, 32, kernel_size=(3, 3), stride=(1, 1), padding=(1, 1))
        (conv2): Conv2d(96, 32, kernel_size=(3, 3), stride=(1, 1), padding=(1, 1))
        (conv3): Conv2d(128, 32, kernel_size=(3, 3), stride=(1, 1), padding=(1, 1))
        (conv4): Conv2d(160, 32, kernel_size=(3, 3), stride=(1, 1), padding=(1, 1))
        (conv5): Conv2d(192, 64, kernel_size=(3, 3), stride=(1, 1), padding=(1, 1))
        (lrelu): LeakyReLU(negative_slope=0.2, inplace=True)
      )
      (rdb2): ResidualDenseBlock(
        (conv1): Conv2d(64, 32, kernel_size=(3, 3), stride=(1, 1), padding=(1, 1))
        (conv2): Conv2d(96, 32, kernel_size=(3, 3), stride=(1, 1), padding=(1, 1))
        (conv3): Conv2d(128, 32, kernel_size=(3, 3), stride=(1, 1), padding=(1, 1))
        (conv4): Conv2d(160, 32, kernel_size=(3, 3), stride=(1, 1), padding=(1, 1))
        (conv5): Conv2d(192, 64, kernel_size=(3, 3), stride=(1, 1), padding=(1, 1))
        (lrelu): LeakyReLU(negative_slope=0.2, inplace=True)
      )
      (rdb3): ResidualDenseBlock(
        (conv1): Conv2d(64, 32, kernel_size=(3, 3), stride=(1, 1), padding=(1, 1))
        (conv2): Conv2d(96, 32, kernel_size=(3, 3), stride=(1, 1), padding=(1, 1))
        (conv3): Conv2d(128, 32, kernel_size=(3, 3), stride=(1, 1), padding=(1, 1))
        (conv4): Conv2d(160, 32, kernel_size=(3, 3), stride=(1, 1), padding=(1, 1))
        (conv5): Conv2d(192, 64, kernel_size=(3, 3), stride=(1, 1), padding=(1, 1))
        (lrelu): LeakyReLU(negative_slope=0.2, inplace=True)
      )
    )
    (19): RRDB(
      (rdb1): ResidualDenseBlock(
        (conv1): Conv2d(64, 32, kernel_size=(3, 3), stride=(1, 1), padding=(1, 1))
        (conv2): Conv2d(96, 32, kernel_size=(3, 3), stride=(1, 1), padding=(1, 1))
        (conv3): Conv2d(128, 32, kernel_size=(3, 3), stride=(1, 1), padding=(1, 1))
        (conv4): Conv2d(160, 32, kernel_size=(3, 3), stride=(1, 1), padding=(1, 1))
        (conv5): Conv2d(192, 64, kernel_size=(3, 3), stride=(1, 1), padding=(1, 1))
        (lrelu): LeakyReLU(negative_slope=0.2, inplace=True)
      )
      (rdb2): ResidualDenseBlock(
        (conv1): Conv2d(64, 32, kernel_size=(3, 3), stride=(1, 1), padding=(1, 1))
        (conv2): Conv2d(96, 32, kernel_size=(3, 3), stride=(1, 1), padding=(1, 1))
        (conv3): Conv2d(128, 32, kernel_size=(3, 3), stride=(1, 1), padding=(1, 1))
        (conv4): Conv2d(160, 32, kernel_size=(3, 3), stride=(1, 1), padding=(1, 1))
        (conv5): Conv2d(192, 64, kernel_size=(3, 3), stride=(1, 1), padding=(1, 1))
        (lrelu): LeakyReLU(negative_slope=0.2, inplace=True)
      )
      (rdb3): ResidualDenseBlock(
        (conv1): Conv2d(64, 32, kernel_size=(3, 3), stride=(1, 1), padding=(1, 1))
        (conv2): Conv2d(96, 32, kernel_size=(3, 3), stride=(1, 1), padding=(1, 1))
        (conv3): Conv2d(128, 32, kernel_size=(3, 3), stride=(1, 1), padding=(1, 1))
        (conv4): Conv2d(160, 32, kernel_size=(3, 3), stride=(1, 1), padding=(1, 1))
        (conv5): Conv2d(192, 64, kernel_size=(3, 3), stride=(1, 1), padding=(1, 1))
        (lrelu): LeakyReLU(negative_slope=0.2, inplace=True)
      )
    )
    (20): RRDB(
      (rdb1): ResidualDenseBlock(
        (conv1): Conv2d(64, 32, kernel_size=(3, 3), stride=(1, 1), padding=(1, 1))
        (conv2): Conv2d(96, 32, kernel_size=(3, 3), stride=(1, 1), padding=(1, 1))
        (conv3): Conv2d(128, 32, kernel_size=(3, 3), stride=(1, 1), padding=(1, 1))
        (conv4): Conv2d(160, 32, kernel_size=(3, 3), stride=(1, 1), padding=(1, 1))
        (conv5): Conv2d(192, 64, kernel_size=(3, 3), stride=(1, 1), padding=(1, 1))
        (lrelu): LeakyReLU(negative_slope=0.2, inplace=True)
      )
      (rdb2): ResidualDenseBlock(
        (conv1): Conv2d(64, 32, kernel_size=(3, 3), stride=(1, 1), padding=(1, 1))
        (conv2): Conv2d(96, 32, kernel_size=(3, 3), stride=(1, 1), padding=(1, 1))
        (conv3): Conv2d(128, 32, kernel_size=(3, 3), stride=(1, 1), padding=(1, 1))
        (conv4): Conv2d(160, 32, kernel_size=(3, 3), stride=(1, 1), padding=(1, 1))
        (conv5): Conv2d(192, 64, kernel_size=(3, 3), stride=(1, 1), padding=(1, 1))
        (lrelu): LeakyReLU(negative_slope=0.2, inplace=True)
      )
      (rdb3): ResidualDenseBlock(
        (conv1): Conv2d(64, 32, kernel_size=(3, 3), stride=(1, 1), padding=(1, 1))
        (conv2): Conv2d(96, 32, kernel_size=(3, 3), stride=(1, 1), padding=(1, 1))
        (conv3): Conv2d(128, 32, kernel_size=(3, 3), stride=(1, 1), padding=(1, 1))
        (conv4): Conv2d(160, 32, kernel_size=(3, 3), stride=(1, 1), padding=(1, 1))
        (conv5): Conv2d(192, 64, kernel_size=(3, 3), stride=(1, 1), padding=(1, 1))
        (lrelu): LeakyReLU(negative_slope=0.2, inplace=True)
      )
    )
    (21): RRDB(
      (rdb1): ResidualDenseBlock(
        (conv1): Conv2d(64, 32, kernel_size=(3, 3), stride=(1, 1), padding=(1, 1))
        (conv2): Conv2d(96, 32, kernel_size=(3, 3), stride=(1, 1), padding=(1, 1))
        (conv3): Conv2d(128, 32, kernel_size=(3, 3), stride=(1, 1), padding=(1, 1))
        (conv4): Conv2d(160, 32, kernel_size=(3, 3), stride=(1, 1), padding=(1, 1))
        (conv5): Conv2d(192, 64, kernel_size=(3, 3), stride=(1, 1), padding=(1, 1))
        (lrelu): LeakyReLU(negative_slope=0.2, inplace=True)
      )
      (rdb2): ResidualDenseBlock(
        (conv1): Conv2d(64, 32, kernel_size=(3, 3), stride=(1, 1), padding=(1, 1))
        (conv2): Conv2d(96, 32, kernel_size=(3, 3), stride=(1, 1), padding=(1, 1))
        (conv3): Conv2d(128, 32, kernel_size=(3, 3), stride=(1, 1), padding=(1, 1))
        (conv4): Conv2d(160, 32, kernel_size=(3, 3), stride=(1, 1), padding=(1, 1))
        (conv5): Conv2d(192, 64, kernel_size=(3, 3), stride=(1, 1), padding=(1, 1))
        (lrelu): LeakyReLU(negative_slope=0.2, inplace=True)
      )
      (rdb3): ResidualDenseBlock(
        (conv1): Conv2d(64, 32, kernel_size=(3, 3), stride=(1, 1), padding=(1, 1))
        (conv2): Conv2d(96, 32, kernel_size=(3, 3), stride=(1, 1), padding=(1, 1))
        (conv3): Conv2d(128, 32, kernel_size=(3, 3), stride=(1, 1), padding=(1, 1))
        (conv4): Conv2d(160, 32, kernel_size=(3, 3), stride=(1, 1), padding=(1, 1))
        (conv5): Conv2d(192, 64, kernel_size=(3, 3), stride=(1, 1), padding=(1, 1))
        (lrelu): LeakyReLU(negative_slope=0.2, inplace=True)
      )
    )
    (22): RRDB(
      (rdb1): ResidualDenseBlock(
        (conv1): Conv2d(64, 32, kernel_size=(3, 3), stride=(1, 1), padding=(1, 1))
        (conv2): Conv2d(96, 32, kernel_size=(3, 3), stride=(1, 1), padding=(1, 1))
        (conv3): Conv2d(128, 32, kernel_size=(3, 3), stride=(1, 1), padding=(1, 1))
        (conv4): Conv2d(160, 32, kernel_size=(3, 3), stride=(1, 1), padding=(1, 1))
        (conv5): Conv2d(192, 64, kernel_size=(3, 3), stride=(1, 1), padding=(1, 1))
        (lrelu): LeakyReLU(negative_slope=0.2, inplace=True)
      )
      (rdb2): ResidualDenseBlock(
        (conv1): Conv2d(64, 32, kernel_size=(3, 3), stride=(1, 1), padding=(1, 1))
        (conv2): Conv2d(96, 32, kernel_size=(3, 3), stride=(1, 1), padding=(1, 1))
        (conv3): Conv2d(128, 32, kernel_size=(3, 3), stride=(1, 1), padding=(1, 1))
        (conv4): Conv2d(160, 32, kernel_size=(3, 3), stride=(1, 1), padding=(1, 1))
        (conv5): Conv2d(192, 64, kernel_size=(3, 3), stride=(1, 1), padding=(1, 1))
        (lrelu): LeakyReLU(negative_slope=0.2, inplace=True)
      )
      (rdb3): ResidualDenseBlock(
        (conv1): Conv2d(64, 32, kernel_size=(3, 3), stride=(1, 1), padding=(1, 1))
        (conv2): Conv2d(96, 32, kernel_size=(3, 3), stride=(1, 1), padding=(1, 1))
        (conv3): Conv2d(128, 32, kernel_size=(3, 3), stride=(1, 1), padding=(1, 1))
        (conv4): Conv2d(160, 32, kernel_size=(3, 3), stride=(1, 1), padding=(1, 1))
        (conv5): Conv2d(192, 64, kernel_size=(3, 3), stride=(1, 1), padding=(1, 1))
        (lrelu): LeakyReLU(negative_slope=0.2, inplace=True)
      )
    )
  )
  (conv_body): Conv2d(64, 64, kernel_size=(3, 3), stride=(1, 1), padding=(1, 1))
  (conv_up1): Conv2d(64, 64, kernel_size=(3, 3), stride=(1, 1), padding=(1, 1))
  (conv_up2): Conv2d(64, 64, kernel_size=(3, 3), stride=(1, 1), padding=(1, 1))
  (conv_hr): Conv2d(64, 64, kernel_size=(3, 3), stride=(1, 1), padding=(1, 1))
  (conv_last): Conv2d(64, 3, kernel_size=(3, 3), stride=(1, 1), padding=(1, 1))
  (lrelu): LeakyReLU(negative_slope=0.2, inplace=True)
)
2022-04-26 21:53:53,408 INFO: Loading: params_ema does not exist, use params.
2022-04-26 21:53:53,408 INFO: Loading RRDBNet model from experiments/pretrained_models/ESRGAN_SRx4_DF2KOST_official-ff704c30.pth, with param key: [params].
2022-04-26 21:53:53,575 INFO: Use Exponential Moving Average with decay: 0.999
2022-04-26 21:53:53,817 INFO: Network [RRDBNet] is created.
2022-04-26 21:53:53,908 INFO: Loading: params_ema does not exist, use params.
2022-04-26 21:53:53,908 INFO: Loading RRDBNet model from experiments/pretrained_models/ESRGAN_SRx4_DF2KOST_official-ff704c30.pth, with param key: [params].
2022-04-26 21:53:54,071 INFO: Loss [L1Loss] is created.
2022-04-26 21:53:54,104 INFO: Model [RealESRNetModel] is created.
2022-04-26 21:54:00,383 INFO: Start training from epoch: 0, iter: 0
2022-04-26 21:55:24,639 INFO: [train..][epoch:  0, iter:     100, lr:(2.000e-04,)] [eta: 2:02:04, time (data): 0.843 (0.072)] l_pix: 8.7057e-02 
2022-04-26 21:56:37,550 INFO: [train..][epoch:  0, iter:     200, lr:(2.000e-04,)] [eta: 1:59:57, time (data): 0.786 (0.038)] l_pix: 8.2146e-02 
2022-04-26 21:57:50,633 INFO: [train..][epoch:  0, iter:     300, lr:(2.000e-04,)] [eta: 1:58:32, time (data): 0.731 (0.004)] l_pix: 9.1680e-02 
2022-04-26 21:59:03,542 INFO: [train..][epoch:  0, iter:     400, lr:(2.000e-04,)] [eta: 1:57:08, time (data): 0.730 (0.004)] l_pix: 6.8084e-02 
2022-04-26 22:00:16,439 INFO: [train..][epoch:  0, iter:     500, lr:(2.000e-04,)] [eta: 1:55:49, time (data): 0.729 (0.004)] l_pix: 8.3358e-02 
2022-04-26 22:01:29,209 INFO: [train..][epoch:  0, iter:     600, lr:(2.000e-04,)] [eta: 1:54:30, time (data): 0.728 (0.004)] l_pix: 7.6640e-02 
2022-04-26 22:02:42,109 INFO: [train..][epoch:  0, iter:     700, lr:(2.000e-04,)] [eta: 1:53:14, time (data): 0.729 (0.004)] l_pix: 6.3860e-02 
2022-04-26 22:03:54,785 INFO: [train..][epoch:  0, iter:     800, lr:(2.000e-04,)] [eta: 1:51:57, time (data): 0.728 (0.004)] l_pix: 6.8482e-02 
2022-04-26 22:05:07,635 INFO: [train..][epoch:  0, iter:     900, lr:(2.000e-04,)] [eta: 1:50:42, time (data): 0.728 (0.004)] l_pix: 8.0688e-02 
2022-04-26 22:06:20,310 INFO: [train..][epoch:  0, iter:   1,000, lr:(2.000e-04,)] [eta: 1:49:26, time (data): 0.727 (0.004)] l_pix: 7.2562e-02 
2022-04-26 22:07:33,335 INFO: [train..][epoch:  0, iter:   1,100, lr:(2.000e-04,)] [eta: 1:48:13, time (data): 0.731 (0.004)] l_pix: 7.6319e-02 
2022-04-26 22:08:46,260 INFO: [train..][epoch:  0, iter:   1,200, lr:(2.000e-04,)] [eta: 1:47:00, time (data): 0.730 (0.004)] l_pix: 7.4652e-02 
2022-04-26 22:09:59,075 INFO: [train..][epoch:  0, iter:   1,300, lr:(2.000e-04,)] [eta: 1:45:46, time (data): 0.728 (0.004)] l_pix: 8.4165e-02 
2022-04-26 22:11:12,381 INFO: [train..][epoch:  0, iter:   1,400, lr:(2.000e-04,)] [eta: 1:44:35, time (data): 0.731 (0.004)] l_pix: 7.1442e-02 
2022-04-26 22:12:25,110 INFO: [train..][epoch:  0, iter:   1,500, lr:(2.000e-04,)] [eta: 1:43:21, time (data): 0.727 (0.004)] l_pix: 7.0146e-02 
2022-04-26 22:13:37,882 INFO: [train..][epoch:  0, iter:   1,600, lr:(2.000e-04,)] [eta: 1:42:07, time (data): 0.728 (0.004)] l_pix: 8.2469e-02 
2022-04-26 22:14:50,690 INFO: [train..][epoch:  0, iter:   1,700, lr:(2.000e-04,)] [eta: 1:40:53, time (data): 0.728 (0.004)] l_pix: 8.7551e-02 
2022-04-26 22:16:03,506 INFO: [train..][epoch:  0, iter:   1,800, lr:(2.000e-04,)] [eta: 1:39:40, time (data): 0.728 (0.004)] l_pix: 8.2111e-02 
2022-04-26 22:17:16,307 INFO: [train..][epoch:  0, iter:   1,900, lr:(2.000e-04,)] [eta: 1:38:26, time (data): 0.728 (0.004)] l_pix: 8.5961e-02 
2022-04-26 22:18:29,077 INFO: [train..][epoch:  0, iter:   2,000, lr:(2.000e-04,)] [eta: 1:37:13, time (data): 0.728 (0.004)] l_pix: 6.7775e-02 
2022-04-26 22:19:41,799 INFO: [train..][epoch:  0, iter:   2,100, lr:(2.000e-04,)] [eta: 1:35:59, time (data): 0.727 (0.004)] l_pix: 1.0591e-01 
2022-04-26 22:20:54,535 INFO: [train..][epoch:  0, iter:   2,200, lr:(2.000e-04,)] [eta: 1:34:45, time (data): 0.727 (0.004)] l_pix: 8.6174e-02 
2022-04-26 22:22:07,237 INFO: [train..][epoch:  0, iter:   2,300, lr:(2.000e-04,)] [eta: 1:33:32, time (data): 0.728 (0.004)] l_pix: 7.9748e-02 
2022-04-26 22:23:20,186 INFO: [train..][epoch:  0, iter:   2,400, lr:(2.000e-04,)] [eta: 1:32:19, time (data): 0.729 (0.004)] l_pix: 7.3922e-02 
2022-04-26 22:24:33,066 INFO: [train..][epoch:  0, iter:   2,500, lr:(2.000e-04,)] [eta: 1:31:06, time (data): 0.729 (0.004)] l_pix: 7.5996e-02 
2022-04-26 22:25:45,677 INFO: [train..][epoch:  0, iter:   2,600, lr:(2.000e-04,)] [eta: 1:29:52, time (data): 0.727 (0.004)] l_pix: 7.1809e-02 
2022-04-26 22:26:58,288 INFO: [train..][epoch:  0, iter:   2,700, lr:(2.000e-04,)] [eta: 1:28:39, time (data): 0.727 (0.004)] l_pix: 7.5457e-02 
2022-04-26 22:28:11,190 INFO: [train..][epoch:  0, iter:   2,800, lr:(2.000e-04,)] [eta: 1:27:26, time (data): 0.728 (0.004)] l_pix: 6.8408e-02 
2022-04-26 22:29:24,015 INFO: [train..][epoch:  0, iter:   2,900, lr:(2.000e-04,)] [eta: 1:26:13, time (data): 0.728 (0.004)] l_pix: 8.2544e-02 
2022-04-26 22:30:36,640 INFO: [train..][epoch:  0, iter:   3,000, lr:(2.000e-04,)] [eta: 1:24:59, time (data): 0.727 (0.004)] l_pix: 6.6082e-02 
2022-04-26 22:31:49,593 INFO: [train..][epoch:  0, iter:   3,100, lr:(2.000e-04,)] [eta: 1:23:47, time (data): 0.730 (0.004)] l_pix: 7.4480e-02 
2022-04-26 22:33:02,495 INFO: [train..][epoch:  0, iter:   3,200, lr:(2.000e-04,)] [eta: 1:22:34, time (data): 0.729 (0.004)] l_pix: 6.5940e-02 
2022-04-26 22:34:15,211 INFO: [train..][epoch:  0, iter:   3,300, lr:(2.000e-04,)] [eta: 1:21:21, time (data): 0.727 (0.004)] l_pix: 8.1797e-02 
2022-04-26 22:35:28,015 INFO: [train..][epoch:  0, iter:   3,400, lr:(2.000e-04,)] [eta: 1:20:08, time (data): 0.727 (0.004)] l_pix: 7.8702e-02 
2022-04-26 22:36:40,697 INFO: [train..][epoch:  0, iter:   3,500, lr:(2.000e-04,)] [eta: 1:18:55, time (data): 0.727 (0.004)] l_pix: 6.7148e-02 
2022-04-26 22:37:53,602 INFO: [train..][epoch:  0, iter:   3,600, lr:(2.000e-04,)] [eta: 1:17:42, time (data): 0.728 (0.004)] l_pix: 6.1859e-02 
2022-04-26 22:39:06,302 INFO: [train..][epoch:  0, iter:   3,700, lr:(2.000e-04,)] [eta: 1:16:29, time (data): 0.727 (0.004)] l_pix: 8.5689e-02 
2022-04-26 22:40:19,061 INFO: [train..][epoch:  0, iter:   3,800, lr:(2.000e-04,)] [eta: 1:15:16, time (data): 0.727 (0.004)] l_pix: 8.8422e-02 
2022-04-26 22:41:31,808 INFO: [train..][epoch:  0, iter:   3,900, lr:(2.000e-04,)] [eta: 1:14:03, time (data): 0.727 (0.004)] l_pix: 6.8646e-02 
2022-04-26 22:42:44,503 INFO: [train..][epoch:  0, iter:   4,000, lr:(2.000e-04,)] [eta: 1:12:50, time (data): 0.727 (0.004)] l_pix: 7.3858e-02 
2022-04-26 22:43:57,101 INFO: [train..][epoch:  0, iter:   4,100, lr:(2.000e-04,)] [eta: 1:11:36, time (data): 0.725 (0.004)] l_pix: 7.0462e-02 
2022-04-26 22:45:09,892 INFO: [train..][epoch:  0, iter:   4,200, lr:(2.000e-04,)] [eta: 1:10:23, time (data): 0.727 (0.004)] l_pix: 5.3101e-02 
2022-04-26 22:46:22,542 INFO: [train..][epoch:  0, iter:   4,300, lr:(2.000e-04,)] [eta: 1:09:10, time (data): 0.727 (0.004)] l_pix: 9.5898e-02 
2022-04-26 22:47:35,248 INFO: [train..][epoch:  0, iter:   4,400, lr:(2.000e-04,)] [eta: 1:07:57, time (data): 0.727 (0.004)] l_pix: 8.5501e-02 
2022-04-26 22:48:47,805 INFO: [train..][epoch:  0, iter:   4,500, lr:(2.000e-04,)] [eta: 1:06:44, time (data): 0.725 (0.004)] l_pix: 7.6518e-02 
2022-04-26 22:50:00,504 INFO: [train..][epoch:  0, iter:   4,600, lr:(2.000e-04,)] [eta: 1:05:31, time (data): 0.726 (0.004)] l_pix: 6.3432e-02 
2022-04-26 22:51:13,327 INFO: [train..][epoch:  0, iter:   4,700, lr:(2.000e-04,)] [eta: 1:04:18, time (data): 0.729 (0.004)] l_pix: 5.9647e-02 
2022-04-26 22:52:26,123 INFO: [train..][epoch:  0, iter:   4,800, lr:(2.000e-04,)] [eta: 1:03:06, time (data): 0.728 (0.004)] l_pix: 8.8522e-02 
2022-04-26 22:53:38,823 INFO: [train..][epoch:  0, iter:   4,900, lr:(2.000e-04,)] [eta: 1:01:53, time (data): 0.726 (0.004)] l_pix: 6.9125e-02 
