2022-04-26 19:04:33,075 INFO: 
                ____                _       _____  ____
               / __ ) ____ _ _____ (_)_____/ ___/ / __ \
              / __  |/ __ `// ___// // ___/\__ \ / /_/ /
             / /_/ // /_/ /(__  )/ // /__ ___/ // _, _/
            /_____/ \__,_//____//_/ \___//____//_/ |_|
     ______                   __   __                 __      __
    / ____/____   ____   ____/ /  / /   __  __ _____ / /__   / /
   / / __ / __ \ / __ \ / __  /  / /   / / / // ___// //_/  / /
  / /_/ // /_/ // /_/ // /_/ /  / /___/ /_/ // /__ / /<    /_/
  \____/ \____/ \____/ \____/  /_____/\____/ \___//_/|_|  (_)
    
Version Information: 
	BasicSR: 1.3.5
	PyTorch: 1.11.0
	TorchVision: 0.12.0
2022-04-26 19:04:33,075 INFO: 
  name: train_RealESRNetx4plus_1000k_B12G4
  model_type: RealESRNetModel
  scale: 4
  num_gpu: 2
  manual_seed: 0
  gt_usm: True
  resize_prob: [0.2, 0.7, 0.1]
  resize_range: [0.15, 1.5]
  gaussian_noise_prob: 0.5
  noise_range: [1, 30]
  poisson_scale_range: [0.05, 3]
  gray_noise_prob: 0.4
  jpeg_range: [30, 95]
  second_blur_prob: 0.8
  resize_prob2: [0.3, 0.4, 0.3]
  resize_range2: [0.3, 1.2]
  gaussian_noise_prob2: 0.5
  noise_range2: [1, 25]
  poisson_scale_range2: [0.05, 2.5]
  gray_noise_prob2: 0.4
  jpeg_range2: [30, 95]
  gt_size: 256
  queue_size: 180
  datasets:[
    train:[
      name: DF2K+OST
      type: RealESRGANDataset
      dataroot_gt: datasets/DF2K
      meta_info: datasets/meta_info/meta_info_DF2Kmultiscale_OST.txt
      io_backend:[
        type: disk
      ]
      blur_kernel_size: 21
      kernel_list: ['iso', 'aniso', 'generalized_iso', 'generalized_aniso', 'plateau_iso', 'plateau_aniso']
      kernel_prob: [0.45, 0.25, 0.12, 0.03, 0.12, 0.03]
      sinc_prob: 0.1
      blur_sigma: [0.2, 3]
      betag_range: [0.5, 4]
      betap_range: [1, 2]
      blur_kernel_size2: 21
      kernel_list2: ['iso', 'aniso', 'generalized_iso', 'generalized_aniso', 'plateau_iso', 'plateau_aniso']
      kernel_prob2: [0.45, 0.25, 0.12, 0.03, 0.12, 0.03]
      sinc_prob2: 0.1
      blur_sigma2: [0.2, 1.5]
      betag_range2: [0.5, 4]
      betap_range2: [1, 2]
      final_sinc_prob: 0.8
      gt_size: 256
      use_hflip: True
      use_rot: False
      use_shuffle: True
      num_worker_per_gpu: 5
      batch_size_per_gpu: 12
      dataset_enlarge_ratio: 1
      prefetch_mode: None
      phase: train
      scale: 4
    ]
    val:[
      name: validation
      type: PairedImageDataset
      dataroot_gt: datasets/validation
      dataroot_lq: datasets/validation
      meta_info: datasets/meta_info/meta_info_validation_pairs.txt
      io_backend:[
        type: disk
      ]
      phase: val
      scale: 4
    ]
  ]
  network_g:[
    type: RRDBNet
    num_in_ch: 3
    num_out_ch: 3
    num_feat: 64
    num_block: 23
    num_grow_ch: 32
  ]
  path:[
    pretrain_network_g: experiments/pretrained_models/ESRGAN_SRx4_DF2KOST_official-ff704c30.pth
    param_key_g: params_ema
    strict_load_g: True
    resume_state: None
    experiments_root: /bsuhome/dustinrobinson275/final/Real-ESRGAN/experiments/train_RealESRNetx4plus_1000k_B12G4
    models: /bsuhome/dustinrobinson275/final/Real-ESRGAN/experiments/train_RealESRNetx4plus_1000k_B12G4/models
    training_states: /bsuhome/dustinrobinson275/final/Real-ESRGAN/experiments/train_RealESRNetx4plus_1000k_B12G4/training_states
    log: /bsuhome/dustinrobinson275/final/Real-ESRGAN/experiments/train_RealESRNetx4plus_1000k_B12G4
    visualization: /bsuhome/dustinrobinson275/final/Real-ESRGAN/experiments/train_RealESRNetx4plus_1000k_B12G4/visualization
  ]
  train:[
    ema_decay: 0.999
    optim_g:[
      type: Adam
      lr: 0.0002
      weight_decay: 0
      betas: [0.9, 0.99]
    ]
    scheduler:[
      type: MultiStepLR
      milestones: [1000000]
      gamma: 0.5
    ]
    total_iter: 10000
    warmup_iter: -1
    pixel_opt:[
      type: L1Loss
      loss_weight: 1.0
      reduction: mean
    ]
  ]
  val:[
    val_freq: 5000.0
    save_img: True
    metrics:[
      psnr:[
        type: calculate_psnr
        crop_border: 4
        test_y_channel: False
      ]
      ssim:[
        type: calculate_ssim
        crop_border: 4
        test_y_channel: False
      ]
    ]
  ]
  logger:[
    print_freq: 100
    save_checkpoint_freq: 5000.0
    use_tb_logger: True
    wandb:[
      project: None
      resume_id: None
    ]
  ]
  dist_params:[
    backend: nccl
    port: 29500
  ]
  dist: True
  rank: 0
  world_size: 4
  auto_resume: True
  is_train: True
  root_path: /bsuhome/dustinrobinson275/final/Real-ESRGAN

2022-04-26 19:04:33,408 INFO: Dataset [RealESRGANDataset] - DF2K+OST is built.
2022-04-26 19:04:33,408 INFO: Training statistics:
	Number of train images: 202891
	Dataset enlarge ratio: 1
	Batch size per gpu: 12
	World size (gpu number): 4
	Require iter number per epoch: 4227
	Total epochs: 3; iters: 10000.
2022-04-26 19:04:33,408 INFO: Dataset [PairedImageDataset] - validation is built.
2022-04-26 19:04:33,408 INFO: Number of val images/folders in validation: 0
2022-04-26 19:04:33,668 INFO: Network [RRDBNet] is created.
