2022-04-28 16:51:40,979 INFO: 
                ____                _       _____  ____
               / __ ) ____ _ _____ (_)_____/ ___/ / __ \
              / __  |/ __ `// ___// // ___/\__ \ / /_/ /
             / /_/ // /_/ /(__  )/ // /__ ___/ // _, _/
            /_____/ \__,_//____//_/ \___//____//_/ |_|
     ______                   __   __                 __      __
    / ____/____   ____   ____/ /  / /   __  __ _____ / /__   / /
   / / __ / __ \ / __ \ / __  /  / /   / / / // ___// //_/  / /
  / /_/ // /_/ // /_/ // /_/ /  / /___/ /_/ // /__ / /<    /_/
  \____/ \____/ \____/ \____/  /_____/\____/ \___//_/|_|  (_)
    
Version Information: 
	BasicSR: 1.3.5
	PyTorch: 1.11.0
	TorchVision: 0.12.0
2022-04-28 16:51:40,979 INFO: 
  name: finetune_RealESRGANx4plus_500k
  model_type: RealESRGANModel
  scale: 4
  num_gpu: 2
  manual_seed: 0
  l1_gt_usm: True
  percep_gt_usm: True
  gan_gt_usm: False
  resize_prob: [0.2, 0.7, 0.1]
  resize_range: [0.15, 1.5]
  gaussian_noise_prob: 0.5
  noise_range: [1, 30]
  poisson_scale_range: [0.05, 3]
  gray_noise_prob: 0.4
  jpeg_range: [30, 95]
  second_blur_prob: 0.8
  resize_prob2: [0.3, 0.4, 0.3]
  resize_range2: [0.3, 1.2]
  gaussian_noise_prob2: 0.5
  noise_range2: [1, 25]
  poisson_scale_range2: [0.05, 2.5]
  gray_noise_prob2: 0.4
  jpeg_range2: [30, 95]
  gt_size: 256
  queue_size: 180
  datasets:[
    train:[
      name: DF2K+OST
      type: RealESRGANDataset
      dataroot_gt: datasets/CNF
      meta_info: datasets/meta_info/meta_info_DF2Kmultiscale_OST.txt
      io_backend:[
        type: disk
      ]
      blur_kernel_size: 21
      kernel_list: ['iso', 'aniso', 'generalized_iso', 'generalized_aniso', 'plateau_iso', 'plateau_aniso']
      kernel_prob: [0.45, 0.25, 0.12, 0.03, 0.12, 0.03]
      sinc_prob: 0.1
      blur_sigma: [0.2, 3]
      betag_range: [0.5, 4]
      betap_range: [1, 2]
      blur_kernel_size2: 21
      kernel_list2: ['iso', 'aniso', 'generalized_iso', 'generalized_aniso', 'plateau_iso', 'plateau_aniso']
      kernel_prob2: [0.45, 0.25, 0.12, 0.03, 0.12, 0.03]
      sinc_prob2: 0.1
      blur_sigma2: [0.2, 1.5]
      betag_range2: [0.5, 4]
      betap_range2: [1, 2]
      final_sinc_prob: 0.8
      gt_size: 256
      use_hflip: True
      use_rot: False
      use_shuffle: True
      num_worker_per_gpu: 4
      batch_size_per_gpu: 10
      dataset_enlarge_ratio: 1
      prefetch_mode: None
      phase: train
      scale: 4
    ]
    val:[
      name: validation
      type: PairedImageDataset
      dataroot_gt: datasets/validation
      dataroot_lq: datasets/validation
      meta_info: datasets/meta_info/meta_info_validation_pairs.txt
      io_backend:[
        type: disk
      ]
      phase: val
      scale: 4
    ]
  ]
  network_g:[
    type: RRDBNet
    num_in_ch: 3
    num_out_ch: 3
    num_feat: 64
    num_block: 23
    num_grow_ch: 32
  ]
  network_d:[
    type: UNetDiscriminatorSN
    num_in_ch: 3
    num_feat: 64
    skip_connection: True
  ]
  path:[
    pretrain_network_g: /bsuhome/dustinrobinson275/final/Real-ESRGAN/experiments/finetune_RealESRGANx4plus_500k/models/net_g_15000.pth
    param_key_g: params
    strict_load_g: True
    pretrain_network_d: /bsuhome/dustinrobinson275/final/Real-ESRGAN/experiments/finetune_RealESRGANx4plus_500k/models/net_d_15000.pth
    param_key_d: params
    strict_load_d: True
    resume_state: experiments/finetune_RealESRGANx4plus_500k/training_states/15000.state
    experiments_root: /bsuhome/dustinrobinson275/final/Real-ESRGAN/experiments/finetune_RealESRGANx4plus_500k
    models: /bsuhome/dustinrobinson275/final/Real-ESRGAN/experiments/finetune_RealESRGANx4plus_500k/models
    training_states: /bsuhome/dustinrobinson275/final/Real-ESRGAN/experiments/finetune_RealESRGANx4plus_500k/training_states
    log: /bsuhome/dustinrobinson275/final/Real-ESRGAN/experiments/finetune_RealESRGANx4plus_500k
    visualization: /bsuhome/dustinrobinson275/final/Real-ESRGAN/experiments/finetune_RealESRGANx4plus_500k/visualization
  ]
  train:[
    ema_decay: 0.999
    optim_g:[
      type: Adam
      lr: 0.0001
      weight_decay: 0
      betas: [0.9, 0.99]
    ]
    optim_d:[
      type: Adam
      lr: 0.0001
      weight_decay: 0
      betas: [0.9, 0.99]
    ]
    scheduler:[
      type: MultiStepLR
      milestones: [50000]
      gamma: 0.5
    ]
    total_iter: 100000
    warmup_iter: -1
    pixel_opt:[
      type: L1Loss
      loss_weight: 1.0
      reduction: mean
    ]
    perceptual_opt:[
      type: PerceptualLoss
      layer_weights:[
        conv1_2: 0.1
        conv2_2: 0.1
        conv3_4: 1
        conv4_4: 1
        conv5_4: 1
      ]
      vgg_type: vgg19
      use_input_norm: True
      perceptual_weight: 1.0
      style_weight: 0
      range_norm: False
      criterion: l1
    ]
    gan_opt:[
      type: GANLoss
      gan_type: vanilla
      real_label_val: 1.0
      fake_label_val: 0.0
      loss_weight: 0.1
    ]
    net_d_iters: 1
    net_d_init_iters: 0
  ]
  val:[
    val_freq: 5000.0
    save_img: True
    metrics:[
      psnr:[
        type: calculate_psnr
        crop_border: 4
        test_y_channel: False
      ]
      ssim:[
        type: calculate_ssim
        crop_border: 4
        test_y_channel: False
      ]
    ]
  ]
  logger:[
    print_freq: 500
    save_checkpoint_freq: 5000.0
    use_tb_logger: True
    wandb:[
      project: None
      resume_id: None
    ]
  ]
  dist_params:[
    backend: nccl
    port: 29500
  ]
  dist: True
  rank: 0
  world_size: 2
  auto_resume: True
  is_train: True
  root_path: /bsuhome/dustinrobinson275/final/Real-ESRGAN

2022-04-28 16:51:41,454 INFO: Dataset [RealESRGANDataset] - DF2K+OST is built.
2022-04-28 16:51:41,455 INFO: Training statistics:
	Number of train images: 202891
	Dataset enlarge ratio: 1
	Batch size per gpu: 10
	World size (gpu number): 2
	Require iter number per epoch: 10145
	Total epochs: 10; iters: 100000.
2022-04-28 16:51:41,456 INFO: Dataset [PairedImageDataset] - validation is built.
2022-04-28 16:51:41,456 INFO: Number of val images/folders in validation: 0
2022-04-28 16:51:41,713 INFO: Network [RRDBNet] is created.
2022-04-28 16:51:41,842 INFO: Network: DistributedDataParallel - RRDBNet, with parameters: 16,697,987
2022-04-28 16:51:41,842 INFO: RRDBNet(
  (conv_first): Conv2d(3, 64, kernel_size=(3, 3), stride=(1, 1), padding=(1, 1))
  (body): Sequential(
    (0): RRDB(
      (rdb1): ResidualDenseBlock(
        (conv1): Conv2d(64, 32, kernel_size=(3, 3), stride=(1, 1), padding=(1, 1))
        (conv2): Conv2d(96, 32, kernel_size=(3, 3), stride=(1, 1), padding=(1, 1))
        (conv3): Conv2d(128, 32, kernel_size=(3, 3), stride=(1, 1), padding=(1, 1))
        (conv4): Conv2d(160, 32, kernel_size=(3, 3), stride=(1, 1), padding=(1, 1))
        (conv5): Conv2d(192, 64, kernel_size=(3, 3), stride=(1, 1), padding=(1, 1))
        (lrelu): LeakyReLU(negative_slope=0.2, inplace=True)
      )
      (rdb2): ResidualDenseBlock(
        (conv1): Conv2d(64, 32, kernel_size=(3, 3), stride=(1, 1), padding=(1, 1))
        (conv2): Conv2d(96, 32, kernel_size=(3, 3), stride=(1, 1), padding=(1, 1))
        (conv3): Conv2d(128, 32, kernel_size=(3, 3), stride=(1, 1), padding=(1, 1))
        (conv4): Conv2d(160, 32, kernel_size=(3, 3), stride=(1, 1), padding=(1, 1))
        (conv5): Conv2d(192, 64, kernel_size=(3, 3), stride=(1, 1), padding=(1, 1))
        (lrelu): LeakyReLU(negative_slope=0.2, inplace=True)
      )
      (rdb3): ResidualDenseBlock(
        (conv1): Conv2d(64, 32, kernel_size=(3, 3), stride=(1, 1), padding=(1, 1))
        (conv2): Conv2d(96, 32, kernel_size=(3, 3), stride=(1, 1), padding=(1, 1))
        (conv3): Conv2d(128, 32, kernel_size=(3, 3), stride=(1, 1), padding=(1, 1))
        (conv4): Conv2d(160, 32, kernel_size=(3, 3), stride=(1, 1), padding=(1, 1))
        (conv5): Conv2d(192, 64, kernel_size=(3, 3), stride=(1, 1), padding=(1, 1))
        (lrelu): LeakyReLU(negative_slope=0.2, inplace=True)
      )
    )
    (1): RRDB(
      (rdb1): ResidualDenseBlock(
        (conv1): Conv2d(64, 32, kernel_size=(3, 3), stride=(1, 1), padding=(1, 1))
        (conv2): Conv2d(96, 32, kernel_size=(3, 3), stride=(1, 1), padding=(1, 1))
        (conv3): Conv2d(128, 32, kernel_size=(3, 3), stride=(1, 1), padding=(1, 1))
        (conv4): Conv2d(160, 32, kernel_size=(3, 3), stride=(1, 1), padding=(1, 1))
        (conv5): Conv2d(192, 64, kernel_size=(3, 3), stride=(1, 1), padding=(1, 1))
        (lrelu): LeakyReLU(negative_slope=0.2, inplace=True)
      )
      (rdb2): ResidualDenseBlock(
        (conv1): Conv2d(64, 32, kernel_size=(3, 3), stride=(1, 1), padding=(1, 1))
        (conv2): Conv2d(96, 32, kernel_size=(3, 3), stride=(1, 1), padding=(1, 1))
        (conv3): Conv2d(128, 32, kernel_size=(3, 3), stride=(1, 1), padding=(1, 1))
        (conv4): Conv2d(160, 32, kernel_size=(3, 3), stride=(1, 1), padding=(1, 1))
        (conv5): Conv2d(192, 64, kernel_size=(3, 3), stride=(1, 1), padding=(1, 1))
        (lrelu): LeakyReLU(negative_slope=0.2, inplace=True)
      )
      (rdb3): ResidualDenseBlock(
        (conv1): Conv2d(64, 32, kernel_size=(3, 3), stride=(1, 1), padding=(1, 1))
        (conv2): Conv2d(96, 32, kernel_size=(3, 3), stride=(1, 1), padding=(1, 1))
        (conv3): Conv2d(128, 32, kernel_size=(3, 3), stride=(1, 1), padding=(1, 1))
        (conv4): Conv2d(160, 32, kernel_size=(3, 3), stride=(1, 1), padding=(1, 1))
        (conv5): Conv2d(192, 64, kernel_size=(3, 3), stride=(1, 1), padding=(1, 1))
        (lrelu): LeakyReLU(negative_slope=0.2, inplace=True)
      )
    )
    (2): RRDB(
      (rdb1): ResidualDenseBlock(
        (conv1): Conv2d(64, 32, kernel_size=(3, 3), stride=(1, 1), padding=(1, 1))
        (conv2): Conv2d(96, 32, kernel_size=(3, 3), stride=(1, 1), padding=(1, 1))
        (conv3): Conv2d(128, 32, kernel_size=(3, 3), stride=(1, 1), padding=(1, 1))
        (conv4): Conv2d(160, 32, kernel_size=(3, 3), stride=(1, 1), padding=(1, 1))
        (conv5): Conv2d(192, 64, kernel_size=(3, 3), stride=(1, 1), padding=(1, 1))
        (lrelu): LeakyReLU(negative_slope=0.2, inplace=True)
      )
      (rdb2): ResidualDenseBlock(
        (conv1): Conv2d(64, 32, kernel_size=(3, 3), stride=(1, 1), padding=(1, 1))
        (conv2): Conv2d(96, 32, kernel_size=(3, 3), stride=(1, 1), padding=(1, 1))
        (conv3): Conv2d(128, 32, kernel_size=(3, 3), stride=(1, 1), padding=(1, 1))
        (conv4): Conv2d(160, 32, kernel_size=(3, 3), stride=(1, 1), padding=(1, 1))
        (conv5): Conv2d(192, 64, kernel_size=(3, 3), stride=(1, 1), padding=(1, 1))
        (lrelu): LeakyReLU(negative_slope=0.2, inplace=True)
      )
      (rdb3): ResidualDenseBlock(
        (conv1): Conv2d(64, 32, kernel_size=(3, 3), stride=(1, 1), padding=(1, 1))
        (conv2): Conv2d(96, 32, kernel_size=(3, 3), stride=(1, 1), padding=(1, 1))
        (conv3): Conv2d(128, 32, kernel_size=(3, 3), stride=(1, 1), padding=(1, 1))
        (conv4): Conv2d(160, 32, kernel_size=(3, 3), stride=(1, 1), padding=(1, 1))
        (conv5): Conv2d(192, 64, kernel_size=(3, 3), stride=(1, 1), padding=(1, 1))
        (lrelu): LeakyReLU(negative_slope=0.2, inplace=True)
      )
    )
    (3): RRDB(
      (rdb1): ResidualDenseBlock(
        (conv1): Conv2d(64, 32, kernel_size=(3, 3), stride=(1, 1), padding=(1, 1))
        (conv2): Conv2d(96, 32, kernel_size=(3, 3), stride=(1, 1), padding=(1, 1))
        (conv3): Conv2d(128, 32, kernel_size=(3, 3), stride=(1, 1), padding=(1, 1))
        (conv4): Conv2d(160, 32, kernel_size=(3, 3), stride=(1, 1), padding=(1, 1))
        (conv5): Conv2d(192, 64, kernel_size=(3, 3), stride=(1, 1), padding=(1, 1))
        (lrelu): LeakyReLU(negative_slope=0.2, inplace=True)
      )
      (rdb2): ResidualDenseBlock(
        (conv1): Conv2d(64, 32, kernel_size=(3, 3), stride=(1, 1), padding=(1, 1))
        (conv2): Conv2d(96, 32, kernel_size=(3, 3), stride=(1, 1), padding=(1, 1))
        (conv3): Conv2d(128, 32, kernel_size=(3, 3), stride=(1, 1), padding=(1, 1))
        (conv4): Conv2d(160, 32, kernel_size=(3, 3), stride=(1, 1), padding=(1, 1))
        (conv5): Conv2d(192, 64, kernel_size=(3, 3), stride=(1, 1), padding=(1, 1))
        (lrelu): LeakyReLU(negative_slope=0.2, inplace=True)
      )
      (rdb3): ResidualDenseBlock(
        (conv1): Conv2d(64, 32, kernel_size=(3, 3), stride=(1, 1), padding=(1, 1))
        (conv2): Conv2d(96, 32, kernel_size=(3, 3), stride=(1, 1), padding=(1, 1))
        (conv3): Conv2d(128, 32, kernel_size=(3, 3), stride=(1, 1), padding=(1, 1))
        (conv4): Conv2d(160, 32, kernel_size=(3, 3), stride=(1, 1), padding=(1, 1))
        (conv5): Conv2d(192, 64, kernel_size=(3, 3), stride=(1, 1), padding=(1, 1))
        (lrelu): LeakyReLU(negative_slope=0.2, inplace=True)
      )
    )
    (4): RRDB(
      (rdb1): ResidualDenseBlock(
        (conv1): Conv2d(64, 32, kernel_size=(3, 3), stride=(1, 1), padding=(1, 1))
        (conv2): Conv2d(96, 32, kernel_size=(3, 3), stride=(1, 1), padding=(1, 1))
        (conv3): Conv2d(128, 32, kernel_size=(3, 3), stride=(1, 1), padding=(1, 1))
        (conv4): Conv2d(160, 32, kernel_size=(3, 3), stride=(1, 1), padding=(1, 1))
        (conv5): Conv2d(192, 64, kernel_size=(3, 3), stride=(1, 1), padding=(1, 1))
        (lrelu): LeakyReLU(negative_slope=0.2, inplace=True)
      )
      (rdb2): ResidualDenseBlock(
        (conv1): Conv2d(64, 32, kernel_size=(3, 3), stride=(1, 1), padding=(1, 1))
        (conv2): Conv2d(96, 32, kernel_size=(3, 3), stride=(1, 1), padding=(1, 1))
        (conv3): Conv2d(128, 32, kernel_size=(3, 3), stride=(1, 1), padding=(1, 1))
        (conv4): Conv2d(160, 32, kernel_size=(3, 3), stride=(1, 1), padding=(1, 1))
        (conv5): Conv2d(192, 64, kernel_size=(3, 3), stride=(1, 1), padding=(1, 1))
        (lrelu): LeakyReLU(negative_slope=0.2, inplace=True)
      )
      (rdb3): ResidualDenseBlock(
        (conv1): Conv2d(64, 32, kernel_size=(3, 3), stride=(1, 1), padding=(1, 1))
        (conv2): Conv2d(96, 32, kernel_size=(3, 3), stride=(1, 1), padding=(1, 1))
        (conv3): Conv2d(128, 32, kernel_size=(3, 3), stride=(1, 1), padding=(1, 1))
        (conv4): Conv2d(160, 32, kernel_size=(3, 3), stride=(1, 1), padding=(1, 1))
        (conv5): Conv2d(192, 64, kernel_size=(3, 3), stride=(1, 1), padding=(1, 1))
        (lrelu): LeakyReLU(negative_slope=0.2, inplace=True)
      )
    )
    (5): RRDB(
      (rdb1): ResidualDenseBlock(
        (conv1): Conv2d(64, 32, kernel_size=(3, 3), stride=(1, 1), padding=(1, 1))
        (conv2): Conv2d(96, 32, kernel_size=(3, 3), stride=(1, 1), padding=(1, 1))
        (conv3): Conv2d(128, 32, kernel_size=(3, 3), stride=(1, 1), padding=(1, 1))
        (conv4): Conv2d(160, 32, kernel_size=(3, 3), stride=(1, 1), padding=(1, 1))
        (conv5): Conv2d(192, 64, kernel_size=(3, 3), stride=(1, 1), padding=(1, 1))
        (lrelu): LeakyReLU(negative_slope=0.2, inplace=True)
      )
      (rdb2): ResidualDenseBlock(
        (conv1): Conv2d(64, 32, kernel_size=(3, 3), stride=(1, 1), padding=(1, 1))
        (conv2): Conv2d(96, 32, kernel_size=(3, 3), stride=(1, 1), padding=(1, 1))
        (conv3): Conv2d(128, 32, kernel_size=(3, 3), stride=(1, 1), padding=(1, 1))
        (conv4): Conv2d(160, 32, kernel_size=(3, 3), stride=(1, 1), padding=(1, 1))
        (conv5): Conv2d(192, 64, kernel_size=(3, 3), stride=(1, 1), padding=(1, 1))
        (lrelu): LeakyReLU(negative_slope=0.2, inplace=True)
      )
      (rdb3): ResidualDenseBlock(
        (conv1): Conv2d(64, 32, kernel_size=(3, 3), stride=(1, 1), padding=(1, 1))
        (conv2): Conv2d(96, 32, kernel_size=(3, 3), stride=(1, 1), padding=(1, 1))
        (conv3): Conv2d(128, 32, kernel_size=(3, 3), stride=(1, 1), padding=(1, 1))
        (conv4): Conv2d(160, 32, kernel_size=(3, 3), stride=(1, 1), padding=(1, 1))
        (conv5): Conv2d(192, 64, kernel_size=(3, 3), stride=(1, 1), padding=(1, 1))
        (lrelu): LeakyReLU(negative_slope=0.2, inplace=True)
      )
    )
    (6): RRDB(
      (rdb1): ResidualDenseBlock(
        (conv1): Conv2d(64, 32, kernel_size=(3, 3), stride=(1, 1), padding=(1, 1))
        (conv2): Conv2d(96, 32, kernel_size=(3, 3), stride=(1, 1), padding=(1, 1))
        (conv3): Conv2d(128, 32, kernel_size=(3, 3), stride=(1, 1), padding=(1, 1))
        (conv4): Conv2d(160, 32, kernel_size=(3, 3), stride=(1, 1), padding=(1, 1))
        (conv5): Conv2d(192, 64, kernel_size=(3, 3), stride=(1, 1), padding=(1, 1))
        (lrelu): LeakyReLU(negative_slope=0.2, inplace=True)
      )
      (rdb2): ResidualDenseBlock(
        (conv1): Conv2d(64, 32, kernel_size=(3, 3), stride=(1, 1), padding=(1, 1))
        (conv2): Conv2d(96, 32, kernel_size=(3, 3), stride=(1, 1), padding=(1, 1))
        (conv3): Conv2d(128, 32, kernel_size=(3, 3), stride=(1, 1), padding=(1, 1))
        (conv4): Conv2d(160, 32, kernel_size=(3, 3), stride=(1, 1), padding=(1, 1))
        (conv5): Conv2d(192, 64, kernel_size=(3, 3), stride=(1, 1), padding=(1, 1))
        (lrelu): LeakyReLU(negative_slope=0.2, inplace=True)
      )
      (rdb3): ResidualDenseBlock(
        (conv1): Conv2d(64, 32, kernel_size=(3, 3), stride=(1, 1), padding=(1, 1))
        (conv2): Conv2d(96, 32, kernel_size=(3, 3), stride=(1, 1), padding=(1, 1))
        (conv3): Conv2d(128, 32, kernel_size=(3, 3), stride=(1, 1), padding=(1, 1))
        (conv4): Conv2d(160, 32, kernel_size=(3, 3), stride=(1, 1), padding=(1, 1))
        (conv5): Conv2d(192, 64, kernel_size=(3, 3), stride=(1, 1), padding=(1, 1))
        (lrelu): LeakyReLU(negative_slope=0.2, inplace=True)
      )
    )
    (7): RRDB(
      (rdb1): ResidualDenseBlock(
        (conv1): Conv2d(64, 32, kernel_size=(3, 3), stride=(1, 1), padding=(1, 1))
        (conv2): Conv2d(96, 32, kernel_size=(3, 3), stride=(1, 1), padding=(1, 1))
        (conv3): Conv2d(128, 32, kernel_size=(3, 3), stride=(1, 1), padding=(1, 1))
        (conv4): Conv2d(160, 32, kernel_size=(3, 3), stride=(1, 1), padding=(1, 1))
        (conv5): Conv2d(192, 64, kernel_size=(3, 3), stride=(1, 1), padding=(1, 1))
        (lrelu): LeakyReLU(negative_slope=0.2, inplace=True)
      )
      (rdb2): ResidualDenseBlock(
        (conv1): Conv2d(64, 32, kernel_size=(3, 3), stride=(1, 1), padding=(1, 1))
        (conv2): Conv2d(96, 32, kernel_size=(3, 3), stride=(1, 1), padding=(1, 1))
        (conv3): Conv2d(128, 32, kernel_size=(3, 3), stride=(1, 1), padding=(1, 1))
        (conv4): Conv2d(160, 32, kernel_size=(3, 3), stride=(1, 1), padding=(1, 1))
        (conv5): Conv2d(192, 64, kernel_size=(3, 3), stride=(1, 1), padding=(1, 1))
        (lrelu): LeakyReLU(negative_slope=0.2, inplace=True)
      )
      (rdb3): ResidualDenseBlock(
        (conv1): Conv2d(64, 32, kernel_size=(3, 3), stride=(1, 1), padding=(1, 1))
        (conv2): Conv2d(96, 32, kernel_size=(3, 3), stride=(1, 1), padding=(1, 1))
        (conv3): Conv2d(128, 32, kernel_size=(3, 3), stride=(1, 1), padding=(1, 1))
        (conv4): Conv2d(160, 32, kernel_size=(3, 3), stride=(1, 1), padding=(1, 1))
        (conv5): Conv2d(192, 64, kernel_size=(3, 3), stride=(1, 1), padding=(1, 1))
        (lrelu): LeakyReLU(negative_slope=0.2, inplace=True)
      )
    )
    (8): RRDB(
      (rdb1): ResidualDenseBlock(
        (conv1): Conv2d(64, 32, kernel_size=(3, 3), stride=(1, 1), padding=(1, 1))
        (conv2): Conv2d(96, 32, kernel_size=(3, 3), stride=(1, 1), padding=(1, 1))
        (conv3): Conv2d(128, 32, kernel_size=(3, 3), stride=(1, 1), padding=(1, 1))
        (conv4): Conv2d(160, 32, kernel_size=(3, 3), stride=(1, 1), padding=(1, 1))
        (conv5): Conv2d(192, 64, kernel_size=(3, 3), stride=(1, 1), padding=(1, 1))
        (lrelu): LeakyReLU(negative_slope=0.2, inplace=True)
      )
      (rdb2): ResidualDenseBlock(
        (conv1): Conv2d(64, 32, kernel_size=(3, 3), stride=(1, 1), padding=(1, 1))
        (conv2): Conv2d(96, 32, kernel_size=(3, 3), stride=(1, 1), padding=(1, 1))
        (conv3): Conv2d(128, 32, kernel_size=(3, 3), stride=(1, 1), padding=(1, 1))
        (conv4): Conv2d(160, 32, kernel_size=(3, 3), stride=(1, 1), padding=(1, 1))
        (conv5): Conv2d(192, 64, kernel_size=(3, 3), stride=(1, 1), padding=(1, 1))
        (lrelu): LeakyReLU(negative_slope=0.2, inplace=True)
      )
      (rdb3): ResidualDenseBlock(
        (conv1): Conv2d(64, 32, kernel_size=(3, 3), stride=(1, 1), padding=(1, 1))
        (conv2): Conv2d(96, 32, kernel_size=(3, 3), stride=(1, 1), padding=(1, 1))
        (conv3): Conv2d(128, 32, kernel_size=(3, 3), stride=(1, 1), padding=(1, 1))
        (conv4): Conv2d(160, 32, kernel_size=(3, 3), stride=(1, 1), padding=(1, 1))
        (conv5): Conv2d(192, 64, kernel_size=(3, 3), stride=(1, 1), padding=(1, 1))
        (lrelu): LeakyReLU(negative_slope=0.2, inplace=True)
      )
    )
    (9): RRDB(
      (rdb1): ResidualDenseBlock(
        (conv1): Conv2d(64, 32, kernel_size=(3, 3), stride=(1, 1), padding=(1, 1))
        (conv2): Conv2d(96, 32, kernel_size=(3, 3), stride=(1, 1), padding=(1, 1))
        (conv3): Conv2d(128, 32, kernel_size=(3, 3), stride=(1, 1), padding=(1, 1))
        (conv4): Conv2d(160, 32, kernel_size=(3, 3), stride=(1, 1), padding=(1, 1))
        (conv5): Conv2d(192, 64, kernel_size=(3, 3), stride=(1, 1), padding=(1, 1))
        (lrelu): LeakyReLU(negative_slope=0.2, inplace=True)
      )
      (rdb2): ResidualDenseBlock(
        (conv1): Conv2d(64, 32, kernel_size=(3, 3), stride=(1, 1), padding=(1, 1))
        (conv2): Conv2d(96, 32, kernel_size=(3, 3), stride=(1, 1), padding=(1, 1))
        (conv3): Conv2d(128, 32, kernel_size=(3, 3), stride=(1, 1), padding=(1, 1))
        (conv4): Conv2d(160, 32, kernel_size=(3, 3), stride=(1, 1), padding=(1, 1))
        (conv5): Conv2d(192, 64, kernel_size=(3, 3), stride=(1, 1), padding=(1, 1))
        (lrelu): LeakyReLU(negative_slope=0.2, inplace=True)
      )
      (rdb3): ResidualDenseBlock(
        (conv1): Conv2d(64, 32, kernel_size=(3, 3), stride=(1, 1), padding=(1, 1))
        (conv2): Conv2d(96, 32, kernel_size=(3, 3), stride=(1, 1), padding=(1, 1))
        (conv3): Conv2d(128, 32, kernel_size=(3, 3), stride=(1, 1), padding=(1, 1))
        (conv4): Conv2d(160, 32, kernel_size=(3, 3), stride=(1, 1), padding=(1, 1))
        (conv5): Conv2d(192, 64, kernel_size=(3, 3), stride=(1, 1), padding=(1, 1))
        (lrelu): LeakyReLU(negative_slope=0.2, inplace=True)
      )
    )
    (10): RRDB(
      (rdb1): ResidualDenseBlock(
        (conv1): Conv2d(64, 32, kernel_size=(3, 3), stride=(1, 1), padding=(1, 1))
        (conv2): Conv2d(96, 32, kernel_size=(3, 3), stride=(1, 1), padding=(1, 1))
        (conv3): Conv2d(128, 32, kernel_size=(3, 3), stride=(1, 1), padding=(1, 1))
        (conv4): Conv2d(160, 32, kernel_size=(3, 3), stride=(1, 1), padding=(1, 1))
        (conv5): Conv2d(192, 64, kernel_size=(3, 3), stride=(1, 1), padding=(1, 1))
        (lrelu): LeakyReLU(negative_slope=0.2, inplace=True)
      )
      (rdb2): ResidualDenseBlock(
        (conv1): Conv2d(64, 32, kernel_size=(3, 3), stride=(1, 1), padding=(1, 1))
        (conv2): Conv2d(96, 32, kernel_size=(3, 3), stride=(1, 1), padding=(1, 1))
        (conv3): Conv2d(128, 32, kernel_size=(3, 3), stride=(1, 1), padding=(1, 1))
        (conv4): Conv2d(160, 32, kernel_size=(3, 3), stride=(1, 1), padding=(1, 1))
        (conv5): Conv2d(192, 64, kernel_size=(3, 3), stride=(1, 1), padding=(1, 1))
        (lrelu): LeakyReLU(negative_slope=0.2, inplace=True)
      )
      (rdb3): ResidualDenseBlock(
        (conv1): Conv2d(64, 32, kernel_size=(3, 3), stride=(1, 1), padding=(1, 1))
        (conv2): Conv2d(96, 32, kernel_size=(3, 3), stride=(1, 1), padding=(1, 1))
        (conv3): Conv2d(128, 32, kernel_size=(3, 3), stride=(1, 1), padding=(1, 1))
        (conv4): Conv2d(160, 32, kernel_size=(3, 3), stride=(1, 1), padding=(1, 1))
        (conv5): Conv2d(192, 64, kernel_size=(3, 3), stride=(1, 1), padding=(1, 1))
        (lrelu): LeakyReLU(negative_slope=0.2, inplace=True)
      )
    )
    (11): RRDB(
      (rdb1): ResidualDenseBlock(
        (conv1): Conv2d(64, 32, kernel_size=(3, 3), stride=(1, 1), padding=(1, 1))
        (conv2): Conv2d(96, 32, kernel_size=(3, 3), stride=(1, 1), padding=(1, 1))
        (conv3): Conv2d(128, 32, kernel_size=(3, 3), stride=(1, 1), padding=(1, 1))
        (conv4): Conv2d(160, 32, kernel_size=(3, 3), stride=(1, 1), padding=(1, 1))
        (conv5): Conv2d(192, 64, kernel_size=(3, 3), stride=(1, 1), padding=(1, 1))
        (lrelu): LeakyReLU(negative_slope=0.2, inplace=True)
      )
      (rdb2): ResidualDenseBlock(
        (conv1): Conv2d(64, 32, kernel_size=(3, 3), stride=(1, 1), padding=(1, 1))
        (conv2): Conv2d(96, 32, kernel_size=(3, 3), stride=(1, 1), padding=(1, 1))
        (conv3): Conv2d(128, 32, kernel_size=(3, 3), stride=(1, 1), padding=(1, 1))
        (conv4): Conv2d(160, 32, kernel_size=(3, 3), stride=(1, 1), padding=(1, 1))
        (conv5): Conv2d(192, 64, kernel_size=(3, 3), stride=(1, 1), padding=(1, 1))
        (lrelu): LeakyReLU(negative_slope=0.2, inplace=True)
      )
      (rdb3): ResidualDenseBlock(
        (conv1): Conv2d(64, 32, kernel_size=(3, 3), stride=(1, 1), padding=(1, 1))
        (conv2): Conv2d(96, 32, kernel_size=(3, 3), stride=(1, 1), padding=(1, 1))
        (conv3): Conv2d(128, 32, kernel_size=(3, 3), stride=(1, 1), padding=(1, 1))
        (conv4): Conv2d(160, 32, kernel_size=(3, 3), stride=(1, 1), padding=(1, 1))
        (conv5): Conv2d(192, 64, kernel_size=(3, 3), stride=(1, 1), padding=(1, 1))
        (lrelu): LeakyReLU(negative_slope=0.2, inplace=True)
      )
    )
    (12): RRDB(
      (rdb1): ResidualDenseBlock(
        (conv1): Conv2d(64, 32, kernel_size=(3, 3), stride=(1, 1), padding=(1, 1))
        (conv2): Conv2d(96, 32, kernel_size=(3, 3), stride=(1, 1), padding=(1, 1))
        (conv3): Conv2d(128, 32, kernel_size=(3, 3), stride=(1, 1), padding=(1, 1))
        (conv4): Conv2d(160, 32, kernel_size=(3, 3), stride=(1, 1), padding=(1, 1))
        (conv5): Conv2d(192, 64, kernel_size=(3, 3), stride=(1, 1), padding=(1, 1))
        (lrelu): LeakyReLU(negative_slope=0.2, inplace=True)
      )
      (rdb2): ResidualDenseBlock(
        (conv1): Conv2d(64, 32, kernel_size=(3, 3), stride=(1, 1), padding=(1, 1))
        (conv2): Conv2d(96, 32, kernel_size=(3, 3), stride=(1, 1), padding=(1, 1))
        (conv3): Conv2d(128, 32, kernel_size=(3, 3), stride=(1, 1), padding=(1, 1))
        (conv4): Conv2d(160, 32, kernel_size=(3, 3), stride=(1, 1), padding=(1, 1))
        (conv5): Conv2d(192, 64, kernel_size=(3, 3), stride=(1, 1), padding=(1, 1))
        (lrelu): LeakyReLU(negative_slope=0.2, inplace=True)
      )
      (rdb3): ResidualDenseBlock(
        (conv1): Conv2d(64, 32, kernel_size=(3, 3), stride=(1, 1), padding=(1, 1))
        (conv2): Conv2d(96, 32, kernel_size=(3, 3), stride=(1, 1), padding=(1, 1))
        (conv3): Conv2d(128, 32, kernel_size=(3, 3), stride=(1, 1), padding=(1, 1))
        (conv4): Conv2d(160, 32, kernel_size=(3, 3), stride=(1, 1), padding=(1, 1))
        (conv5): Conv2d(192, 64, kernel_size=(3, 3), stride=(1, 1), padding=(1, 1))
        (lrelu): LeakyReLU(negative_slope=0.2, inplace=True)
      )
    )
    (13): RRDB(
      (rdb1): ResidualDenseBlock(
        (conv1): Conv2d(64, 32, kernel_size=(3, 3), stride=(1, 1), padding=(1, 1))
        (conv2): Conv2d(96, 32, kernel_size=(3, 3), stride=(1, 1), padding=(1, 1))
        (conv3): Conv2d(128, 32, kernel_size=(3, 3), stride=(1, 1), padding=(1, 1))
        (conv4): Conv2d(160, 32, kernel_size=(3, 3), stride=(1, 1), padding=(1, 1))
        (conv5): Conv2d(192, 64, kernel_size=(3, 3), stride=(1, 1), padding=(1, 1))
        (lrelu): LeakyReLU(negative_slope=0.2, inplace=True)
      )
      (rdb2): ResidualDenseBlock(
        (conv1): Conv2d(64, 32, kernel_size=(3, 3), stride=(1, 1), padding=(1, 1))
        (conv2): Conv2d(96, 32, kernel_size=(3, 3), stride=(1, 1), padding=(1, 1))
        (conv3): Conv2d(128, 32, kernel_size=(3, 3), stride=(1, 1), padding=(1, 1))
        (conv4): Conv2d(160, 32, kernel_size=(3, 3), stride=(1, 1), padding=(1, 1))
        (conv5): Conv2d(192, 64, kernel_size=(3, 3), stride=(1, 1), padding=(1, 1))
        (lrelu): LeakyReLU(negative_slope=0.2, inplace=True)
      )
      (rdb3): ResidualDenseBlock(
        (conv1): Conv2d(64, 32, kernel_size=(3, 3), stride=(1, 1), padding=(1, 1))
        (conv2): Conv2d(96, 32, kernel_size=(3, 3), stride=(1, 1), padding=(1, 1))
        (conv3): Conv2d(128, 32, kernel_size=(3, 3), stride=(1, 1), padding=(1, 1))
        (conv4): Conv2d(160, 32, kernel_size=(3, 3), stride=(1, 1), padding=(1, 1))
        (conv5): Conv2d(192, 64, kernel_size=(3, 3), stride=(1, 1), padding=(1, 1))
        (lrelu): LeakyReLU(negative_slope=0.2, inplace=True)
      )
    )
    (14): RRDB(
      (rdb1): ResidualDenseBlock(
        (conv1): Conv2d(64, 32, kernel_size=(3, 3), stride=(1, 1), padding=(1, 1))
        (conv2): Conv2d(96, 32, kernel_size=(3, 3), stride=(1, 1), padding=(1, 1))
        (conv3): Conv2d(128, 32, kernel_size=(3, 3), stride=(1, 1), padding=(1, 1))
        (conv4): Conv2d(160, 32, kernel_size=(3, 3), stride=(1, 1), padding=(1, 1))
        (conv5): Conv2d(192, 64, kernel_size=(3, 3), stride=(1, 1), padding=(1, 1))
        (lrelu): LeakyReLU(negative_slope=0.2, inplace=True)
      )
      (rdb2): ResidualDenseBlock(
        (conv1): Conv2d(64, 32, kernel_size=(3, 3), stride=(1, 1), padding=(1, 1))
        (conv2): Conv2d(96, 32, kernel_size=(3, 3), stride=(1, 1), padding=(1, 1))
        (conv3): Conv2d(128, 32, kernel_size=(3, 3), stride=(1, 1), padding=(1, 1))
        (conv4): Conv2d(160, 32, kernel_size=(3, 3), stride=(1, 1), padding=(1, 1))
        (conv5): Conv2d(192, 64, kernel_size=(3, 3), stride=(1, 1), padding=(1, 1))
        (lrelu): LeakyReLU(negative_slope=0.2, inplace=True)
      )
      (rdb3): ResidualDenseBlock(
        (conv1): Conv2d(64, 32, kernel_size=(3, 3), stride=(1, 1), padding=(1, 1))
        (conv2): Conv2d(96, 32, kernel_size=(3, 3), stride=(1, 1), padding=(1, 1))
        (conv3): Conv2d(128, 32, kernel_size=(3, 3), stride=(1, 1), padding=(1, 1))
        (conv4): Conv2d(160, 32, kernel_size=(3, 3), stride=(1, 1), padding=(1, 1))
        (conv5): Conv2d(192, 64, kernel_size=(3, 3), stride=(1, 1), padding=(1, 1))
        (lrelu): LeakyReLU(negative_slope=0.2, inplace=True)
      )
    )
    (15): RRDB(
      (rdb1): ResidualDenseBlock(
        (conv1): Conv2d(64, 32, kernel_size=(3, 3), stride=(1, 1), padding=(1, 1))
        (conv2): Conv2d(96, 32, kernel_size=(3, 3), stride=(1, 1), padding=(1, 1))
        (conv3): Conv2d(128, 32, kernel_size=(3, 3), stride=(1, 1), padding=(1, 1))
        (conv4): Conv2d(160, 32, kernel_size=(3, 3), stride=(1, 1), padding=(1, 1))
        (conv5): Conv2d(192, 64, kernel_size=(3, 3), stride=(1, 1), padding=(1, 1))
        (lrelu): LeakyReLU(negative_slope=0.2, inplace=True)
      )
      (rdb2): ResidualDenseBlock(
        (conv1): Conv2d(64, 32, kernel_size=(3, 3), stride=(1, 1), padding=(1, 1))
        (conv2): Conv2d(96, 32, kernel_size=(3, 3), stride=(1, 1), padding=(1, 1))
        (conv3): Conv2d(128, 32, kernel_size=(3, 3), stride=(1, 1), padding=(1, 1))
        (conv4): Conv2d(160, 32, kernel_size=(3, 3), stride=(1, 1), padding=(1, 1))
        (conv5): Conv2d(192, 64, kernel_size=(3, 3), stride=(1, 1), padding=(1, 1))
        (lrelu): LeakyReLU(negative_slope=0.2, inplace=True)
      )
      (rdb3): ResidualDenseBlock(
        (conv1): Conv2d(64, 32, kernel_size=(3, 3), stride=(1, 1), padding=(1, 1))
        (conv2): Conv2d(96, 32, kernel_size=(3, 3), stride=(1, 1), padding=(1, 1))
        (conv3): Conv2d(128, 32, kernel_size=(3, 3), stride=(1, 1), padding=(1, 1))
        (conv4): Conv2d(160, 32, kernel_size=(3, 3), stride=(1, 1), padding=(1, 1))
        (conv5): Conv2d(192, 64, kernel_size=(3, 3), stride=(1, 1), padding=(1, 1))
        (lrelu): LeakyReLU(negative_slope=0.2, inplace=True)
      )
    )
    (16): RRDB(
      (rdb1): ResidualDenseBlock(
        (conv1): Conv2d(64, 32, kernel_size=(3, 3), stride=(1, 1), padding=(1, 1))
        (conv2): Conv2d(96, 32, kernel_size=(3, 3), stride=(1, 1), padding=(1, 1))
        (conv3): Conv2d(128, 32, kernel_size=(3, 3), stride=(1, 1), padding=(1, 1))
        (conv4): Conv2d(160, 32, kernel_size=(3, 3), stride=(1, 1), padding=(1, 1))
        (conv5): Conv2d(192, 64, kernel_size=(3, 3), stride=(1, 1), padding=(1, 1))
        (lrelu): LeakyReLU(negative_slope=0.2, inplace=True)
      )
      (rdb2): ResidualDenseBlock(
        (conv1): Conv2d(64, 32, kernel_size=(3, 3), stride=(1, 1), padding=(1, 1))
        (conv2): Conv2d(96, 32, kernel_size=(3, 3), stride=(1, 1), padding=(1, 1))
        (conv3): Conv2d(128, 32, kernel_size=(3, 3), stride=(1, 1), padding=(1, 1))
        (conv4): Conv2d(160, 32, kernel_size=(3, 3), stride=(1, 1), padding=(1, 1))
        (conv5): Conv2d(192, 64, kernel_size=(3, 3), stride=(1, 1), padding=(1, 1))
        (lrelu): LeakyReLU(negative_slope=0.2, inplace=True)
      )
      (rdb3): ResidualDenseBlock(
        (conv1): Conv2d(64, 32, kernel_size=(3, 3), stride=(1, 1), padding=(1, 1))
        (conv2): Conv2d(96, 32, kernel_size=(3, 3), stride=(1, 1), padding=(1, 1))
        (conv3): Conv2d(128, 32, kernel_size=(3, 3), stride=(1, 1), padding=(1, 1))
        (conv4): Conv2d(160, 32, kernel_size=(3, 3), stride=(1, 1), padding=(1, 1))
        (conv5): Conv2d(192, 64, kernel_size=(3, 3), stride=(1, 1), padding=(1, 1))
        (lrelu): LeakyReLU(negative_slope=0.2, inplace=True)
      )
    )
    (17): RRDB(
      (rdb1): ResidualDenseBlock(
        (conv1): Conv2d(64, 32, kernel_size=(3, 3), stride=(1, 1), padding=(1, 1))
        (conv2): Conv2d(96, 32, kernel_size=(3, 3), stride=(1, 1), padding=(1, 1))
        (conv3): Conv2d(128, 32, kernel_size=(3, 3), stride=(1, 1), padding=(1, 1))
        (conv4): Conv2d(160, 32, kernel_size=(3, 3), stride=(1, 1), padding=(1, 1))
        (conv5): Conv2d(192, 64, kernel_size=(3, 3), stride=(1, 1), padding=(1, 1))
        (lrelu): LeakyReLU(negative_slope=0.2, inplace=True)
      )
      (rdb2): ResidualDenseBlock(
        (conv1): Conv2d(64, 32, kernel_size=(3, 3), stride=(1, 1), padding=(1, 1))
        (conv2): Conv2d(96, 32, kernel_size=(3, 3), stride=(1, 1), padding=(1, 1))
        (conv3): Conv2d(128, 32, kernel_size=(3, 3), stride=(1, 1), padding=(1, 1))
        (conv4): Conv2d(160, 32, kernel_size=(3, 3), stride=(1, 1), padding=(1, 1))
        (conv5): Conv2d(192, 64, kernel_size=(3, 3), stride=(1, 1), padding=(1, 1))
        (lrelu): LeakyReLU(negative_slope=0.2, inplace=True)
      )
      (rdb3): ResidualDenseBlock(
        (conv1): Conv2d(64, 32, kernel_size=(3, 3), stride=(1, 1), padding=(1, 1))
        (conv2): Conv2d(96, 32, kernel_size=(3, 3), stride=(1, 1), padding=(1, 1))
        (conv3): Conv2d(128, 32, kernel_size=(3, 3), stride=(1, 1), padding=(1, 1))
        (conv4): Conv2d(160, 32, kernel_size=(3, 3), stride=(1, 1), padding=(1, 1))
        (conv5): Conv2d(192, 64, kernel_size=(3, 3), stride=(1, 1), padding=(1, 1))
        (lrelu): LeakyReLU(negative_slope=0.2, inplace=True)
      )
    )
    (18): RRDB(
      (rdb1): ResidualDenseBlock(
        (conv1): Conv2d(64, 32, kernel_size=(3, 3), stride=(1, 1), padding=(1, 1))
        (conv2): Conv2d(96, 32, kernel_size=(3, 3), stride=(1, 1), padding=(1, 1))
        (conv3): Conv2d(128, 32, kernel_size=(3, 3), stride=(1, 1), padding=(1, 1))
        (conv4): Conv2d(160, 32, kernel_size=(3, 3), stride=(1, 1), padding=(1, 1))
        (conv5): Conv2d(192, 64, kernel_size=(3, 3), stride=(1, 1), padding=(1, 1))
        (lrelu): LeakyReLU(negative_slope=0.2, inplace=True)
      )
      (rdb2): ResidualDenseBlock(
        (conv1): Conv2d(64, 32, kernel_size=(3, 3), stride=(1, 1), padding=(1, 1))
        (conv2): Conv2d(96, 32, kernel_size=(3, 3), stride=(1, 1), padding=(1, 1))
        (conv3): Conv2d(128, 32, kernel_size=(3, 3), stride=(1, 1), padding=(1, 1))
        (conv4): Conv2d(160, 32, kernel_size=(3, 3), stride=(1, 1), padding=(1, 1))
        (conv5): Conv2d(192, 64, kernel_size=(3, 3), stride=(1, 1), padding=(1, 1))
        (lrelu): LeakyReLU(negative_slope=0.2, inplace=True)
      )
      (rdb3): ResidualDenseBlock(
        (conv1): Conv2d(64, 32, kernel_size=(3, 3), stride=(1, 1), padding=(1, 1))
        (conv2): Conv2d(96, 32, kernel_size=(3, 3), stride=(1, 1), padding=(1, 1))
        (conv3): Conv2d(128, 32, kernel_size=(3, 3), stride=(1, 1), padding=(1, 1))
        (conv4): Conv2d(160, 32, kernel_size=(3, 3), stride=(1, 1), padding=(1, 1))
        (conv5): Conv2d(192, 64, kernel_size=(3, 3), stride=(1, 1), padding=(1, 1))
        (lrelu): LeakyReLU(negative_slope=0.2, inplace=True)
      )
    )
    (19): RRDB(
      (rdb1): ResidualDenseBlock(
        (conv1): Conv2d(64, 32, kernel_size=(3, 3), stride=(1, 1), padding=(1, 1))
        (conv2): Conv2d(96, 32, kernel_size=(3, 3), stride=(1, 1), padding=(1, 1))
        (conv3): Conv2d(128, 32, kernel_size=(3, 3), stride=(1, 1), padding=(1, 1))
        (conv4): Conv2d(160, 32, kernel_size=(3, 3), stride=(1, 1), padding=(1, 1))
        (conv5): Conv2d(192, 64, kernel_size=(3, 3), stride=(1, 1), padding=(1, 1))
        (lrelu): LeakyReLU(negative_slope=0.2, inplace=True)
      )
      (rdb2): ResidualDenseBlock(
        (conv1): Conv2d(64, 32, kernel_size=(3, 3), stride=(1, 1), padding=(1, 1))
        (conv2): Conv2d(96, 32, kernel_size=(3, 3), stride=(1, 1), padding=(1, 1))
        (conv3): Conv2d(128, 32, kernel_size=(3, 3), stride=(1, 1), padding=(1, 1))
        (conv4): Conv2d(160, 32, kernel_size=(3, 3), stride=(1, 1), padding=(1, 1))
        (conv5): Conv2d(192, 64, kernel_size=(3, 3), stride=(1, 1), padding=(1, 1))
        (lrelu): LeakyReLU(negative_slope=0.2, inplace=True)
      )
      (rdb3): ResidualDenseBlock(
        (conv1): Conv2d(64, 32, kernel_size=(3, 3), stride=(1, 1), padding=(1, 1))
        (conv2): Conv2d(96, 32, kernel_size=(3, 3), stride=(1, 1), padding=(1, 1))
        (conv3): Conv2d(128, 32, kernel_size=(3, 3), stride=(1, 1), padding=(1, 1))
        (conv4): Conv2d(160, 32, kernel_size=(3, 3), stride=(1, 1), padding=(1, 1))
        (conv5): Conv2d(192, 64, kernel_size=(3, 3), stride=(1, 1), padding=(1, 1))
        (lrelu): LeakyReLU(negative_slope=0.2, inplace=True)
      )
    )
    (20): RRDB(
      (rdb1): ResidualDenseBlock(
        (conv1): Conv2d(64, 32, kernel_size=(3, 3), stride=(1, 1), padding=(1, 1))
        (conv2): Conv2d(96, 32, kernel_size=(3, 3), stride=(1, 1), padding=(1, 1))
        (conv3): Conv2d(128, 32, kernel_size=(3, 3), stride=(1, 1), padding=(1, 1))
        (conv4): Conv2d(160, 32, kernel_size=(3, 3), stride=(1, 1), padding=(1, 1))
        (conv5): Conv2d(192, 64, kernel_size=(3, 3), stride=(1, 1), padding=(1, 1))
        (lrelu): LeakyReLU(negative_slope=0.2, inplace=True)
      )
      (rdb2): ResidualDenseBlock(
        (conv1): Conv2d(64, 32, kernel_size=(3, 3), stride=(1, 1), padding=(1, 1))
        (conv2): Conv2d(96, 32, kernel_size=(3, 3), stride=(1, 1), padding=(1, 1))
        (conv3): Conv2d(128, 32, kernel_size=(3, 3), stride=(1, 1), padding=(1, 1))
        (conv4): Conv2d(160, 32, kernel_size=(3, 3), stride=(1, 1), padding=(1, 1))
        (conv5): Conv2d(192, 64, kernel_size=(3, 3), stride=(1, 1), padding=(1, 1))
        (lrelu): LeakyReLU(negative_slope=0.2, inplace=True)
      )
      (rdb3): ResidualDenseBlock(
        (conv1): Conv2d(64, 32, kernel_size=(3, 3), stride=(1, 1), padding=(1, 1))
        (conv2): Conv2d(96, 32, kernel_size=(3, 3), stride=(1, 1), padding=(1, 1))
        (conv3): Conv2d(128, 32, kernel_size=(3, 3), stride=(1, 1), padding=(1, 1))
        (conv4): Conv2d(160, 32, kernel_size=(3, 3), stride=(1, 1), padding=(1, 1))
        (conv5): Conv2d(192, 64, kernel_size=(3, 3), stride=(1, 1), padding=(1, 1))
        (lrelu): LeakyReLU(negative_slope=0.2, inplace=True)
      )
    )
    (21): RRDB(
      (rdb1): ResidualDenseBlock(
        (conv1): Conv2d(64, 32, kernel_size=(3, 3), stride=(1, 1), padding=(1, 1))
        (conv2): Conv2d(96, 32, kernel_size=(3, 3), stride=(1, 1), padding=(1, 1))
        (conv3): Conv2d(128, 32, kernel_size=(3, 3), stride=(1, 1), padding=(1, 1))
        (conv4): Conv2d(160, 32, kernel_size=(3, 3), stride=(1, 1), padding=(1, 1))
        (conv5): Conv2d(192, 64, kernel_size=(3, 3), stride=(1, 1), padding=(1, 1))
        (lrelu): LeakyReLU(negative_slope=0.2, inplace=True)
      )
      (rdb2): ResidualDenseBlock(
        (conv1): Conv2d(64, 32, kernel_size=(3, 3), stride=(1, 1), padding=(1, 1))
        (conv2): Conv2d(96, 32, kernel_size=(3, 3), stride=(1, 1), padding=(1, 1))
        (conv3): Conv2d(128, 32, kernel_size=(3, 3), stride=(1, 1), padding=(1, 1))
        (conv4): Conv2d(160, 32, kernel_size=(3, 3), stride=(1, 1), padding=(1, 1))
        (conv5): Conv2d(192, 64, kernel_size=(3, 3), stride=(1, 1), padding=(1, 1))
        (lrelu): LeakyReLU(negative_slope=0.2, inplace=True)
      )
      (rdb3): ResidualDenseBlock(
        (conv1): Conv2d(64, 32, kernel_size=(3, 3), stride=(1, 1), padding=(1, 1))
        (conv2): Conv2d(96, 32, kernel_size=(3, 3), stride=(1, 1), padding=(1, 1))
        (conv3): Conv2d(128, 32, kernel_size=(3, 3), stride=(1, 1), padding=(1, 1))
        (conv4): Conv2d(160, 32, kernel_size=(3, 3), stride=(1, 1), padding=(1, 1))
        (conv5): Conv2d(192, 64, kernel_size=(3, 3), stride=(1, 1), padding=(1, 1))
        (lrelu): LeakyReLU(negative_slope=0.2, inplace=True)
      )
    )
    (22): RRDB(
      (rdb1): ResidualDenseBlock(
        (conv1): Conv2d(64, 32, kernel_size=(3, 3), stride=(1, 1), padding=(1, 1))
        (conv2): Conv2d(96, 32, kernel_size=(3, 3), stride=(1, 1), padding=(1, 1))
        (conv3): Conv2d(128, 32, kernel_size=(3, 3), stride=(1, 1), padding=(1, 1))
        (conv4): Conv2d(160, 32, kernel_size=(3, 3), stride=(1, 1), padding=(1, 1))
        (conv5): Conv2d(192, 64, kernel_size=(3, 3), stride=(1, 1), padding=(1, 1))
        (lrelu): LeakyReLU(negative_slope=0.2, inplace=True)
      )
      (rdb2): ResidualDenseBlock(
        (conv1): Conv2d(64, 32, kernel_size=(3, 3), stride=(1, 1), padding=(1, 1))
        (conv2): Conv2d(96, 32, kernel_size=(3, 3), stride=(1, 1), padding=(1, 1))
        (conv3): Conv2d(128, 32, kernel_size=(3, 3), stride=(1, 1), padding=(1, 1))
        (conv4): Conv2d(160, 32, kernel_size=(3, 3), stride=(1, 1), padding=(1, 1))
        (conv5): Conv2d(192, 64, kernel_size=(3, 3), stride=(1, 1), padding=(1, 1))
        (lrelu): LeakyReLU(negative_slope=0.2, inplace=True)
      )
      (rdb3): ResidualDenseBlock(
        (conv1): Conv2d(64, 32, kernel_size=(3, 3), stride=(1, 1), padding=(1, 1))
        (conv2): Conv2d(96, 32, kernel_size=(3, 3), stride=(1, 1), padding=(1, 1))
        (conv3): Conv2d(128, 32, kernel_size=(3, 3), stride=(1, 1), padding=(1, 1))
        (conv4): Conv2d(160, 32, kernel_size=(3, 3), stride=(1, 1), padding=(1, 1))
        (conv5): Conv2d(192, 64, kernel_size=(3, 3), stride=(1, 1), padding=(1, 1))
        (lrelu): LeakyReLU(negative_slope=0.2, inplace=True)
      )
    )
  )
  (conv_body): Conv2d(64, 64, kernel_size=(3, 3), stride=(1, 1), padding=(1, 1))
  (conv_up1): Conv2d(64, 64, kernel_size=(3, 3), stride=(1, 1), padding=(1, 1))
  (conv_up2): Conv2d(64, 64, kernel_size=(3, 3), stride=(1, 1), padding=(1, 1))
  (conv_hr): Conv2d(64, 64, kernel_size=(3, 3), stride=(1, 1), padding=(1, 1))
  (conv_last): Conv2d(64, 3, kernel_size=(3, 3), stride=(1, 1), padding=(1, 1))
  (lrelu): LeakyReLU(negative_slope=0.2, inplace=True)
)
2022-04-28 16:51:44,062 INFO: Loading RRDBNet model from /bsuhome/dustinrobinson275/final/Real-ESRGAN/experiments/finetune_RealESRGANx4plus_500k/models/net_g_15000.pth, with param key: [params].
2022-04-28 16:51:44,214 INFO: Use Exponential Moving Average with decay: 0.999
2022-04-28 16:51:44,448 INFO: Network [RRDBNet] is created.
2022-04-28 16:51:44,659 INFO: Loading RRDBNet model from /bsuhome/dustinrobinson275/final/Real-ESRGAN/experiments/finetune_RealESRGANx4plus_500k/models/net_g_15000.pth, with param key: [params_ema].
2022-04-28 16:51:44,835 INFO: Network [UNetDiscriminatorSN] is created.
2022-04-28 16:51:44,842 INFO: Network: DistributedDataParallel - UNetDiscriminatorSN, with parameters: 4,376,897
2022-04-28 16:51:44,842 INFO: UNetDiscriminatorSN(
  (conv0): Conv2d(3, 64, kernel_size=(3, 3), stride=(1, 1), padding=(1, 1))
  (conv1): Conv2d(64, 128, kernel_size=(4, 4), stride=(2, 2), padding=(1, 1), bias=False)
  (conv2): Conv2d(128, 256, kernel_size=(4, 4), stride=(2, 2), padding=(1, 1), bias=False)
  (conv3): Conv2d(256, 512, kernel_size=(4, 4), stride=(2, 2), padding=(1, 1), bias=False)
  (conv4): Conv2d(512, 256, kernel_size=(3, 3), stride=(1, 1), padding=(1, 1), bias=False)
  (conv5): Conv2d(256, 128, kernel_size=(3, 3), stride=(1, 1), padding=(1, 1), bias=False)
  (conv6): Conv2d(128, 64, kernel_size=(3, 3), stride=(1, 1), padding=(1, 1), bias=False)
  (conv7): Conv2d(64, 64, kernel_size=(3, 3), stride=(1, 1), padding=(1, 1), bias=False)
  (conv8): Conv2d(64, 64, kernel_size=(3, 3), stride=(1, 1), padding=(1, 1), bias=False)
  (conv9): Conv2d(64, 1, kernel_size=(3, 3), stride=(1, 1), padding=(1, 1))
)
2022-04-28 16:51:44,957 INFO: Loading UNetDiscriminatorSN model from /bsuhome/dustinrobinson275/final/Real-ESRGAN/experiments/finetune_RealESRGANx4plus_500k/models/net_d_15000.pth, with param key: [params].
2022-04-28 16:51:44,974 INFO: Loss [L1Loss] is created.
2022-04-28 16:51:46,263 INFO: Loss [PerceptualLoss] is created.
2022-04-28 16:51:46,283 INFO: Loss [GANLoss] is created.
2022-04-28 16:51:46,303 INFO: Model [RealESRGANModel] is created.
2022-04-28 16:51:46,534 INFO: Resuming training from epoch: 0, iter: 15000.
2022-04-28 16:51:51,815 INFO: Start training from epoch: 0, iter: 15000
2022-04-28 17:01:08,809 INFO: [finet..][epoch:  0, iter:  15,500, lr:(1.000e-04,)] [eta: 1 day, 2:20:33, time (data): 1.098 (0.005)] l_g_pix: 9.5573e-02 l_g_percep: 1.3245e+01 l_g_gan: 2.7234e-01 l_d_real: 3.2063e-01 out_d_real: 3.4319e+00 l_d_fake: 2.3978e-01 out_d_fake: -2.4805e+00 
2022-04-28 17:10:18,548 INFO: [finet..][epoch:  0, iter:  16,000, lr:(1.000e-04,)] [eta: 1 day, 1:55:14, time (data): 1.099 (0.005)] l_g_pix: 6.7106e-02 l_g_percep: 1.0834e+01 l_g_gan: 2.7264e-01 l_d_real: 2.9355e-01 out_d_real: 4.0741e+00 l_d_fake: 2.2077e-01 out_d_fake: -2.5052e+00 
2022-04-28 17:19:28,570 INFO: [finet..][epoch:  0, iter:  16,500, lr:(1.000e-04,)] [eta: 1 day, 1:40:57, time (data): 1.100 (0.005)] l_g_pix: 9.3254e-02 l_g_percep: 1.3686e+01 l_g_gan: 2.3424e-01 l_d_real: 2.3089e-01 out_d_real: 4.0164e+00 l_d_fake: 3.0901e-01 out_d_fake: -2.0329e+00 
2022-04-28 17:28:38,065 INFO: [finet..][epoch:  0, iter:  17,000, lr:(1.000e-04,)] [eta: 1 day, 1:28:51, time (data): 1.099 (0.005)] l_g_pix: 6.5324e-02 l_g_percep: 1.3023e+01 l_g_gan: 2.6133e-01 l_d_real: 3.0615e-01 out_d_real: 3.9468e+00 l_d_fake: 2.7966e-01 out_d_fake: -2.3326e+00 
2022-04-28 17:37:47,959 INFO: [finet..][epoch:  0, iter:  17,500, lr:(1.000e-04,)] [eta: 1 day, 1:18:09, time (data): 1.099 (0.005)] l_g_pix: 6.0149e-02 l_g_percep: 1.1760e+01 l_g_gan: 2.6971e-01 l_d_real: 3.9282e-01 out_d_real: 3.4069e+00 l_d_fake: 1.9813e-01 out_d_fake: -2.4976e+00 
2022-04-28 17:46:57,900 INFO: [finet..][epoch:  0, iter:  18,000, lr:(1.000e-04,)] [eta: 1 day, 1:07:59, time (data): 1.100 (0.005)] l_g_pix: 8.4668e-02 l_g_percep: 1.3189e+01 l_g_gan: 2.5617e-01 l_d_real: 2.4742e-01 out_d_real: 4.2401e+00 l_d_fake: 3.2934e-01 out_d_fake: -2.2316e+00 
2022-04-28 17:56:08,824 INFO: [finet..][epoch:  0, iter:  18,500, lr:(1.000e-04,)] [eta: 1 day, 0:58:29, time (data): 1.103 (0.005)] l_g_pix: 8.7623e-02 l_g_percep: 1.4133e+01 l_g_gan: 2.4085e-01 l_d_real: 2.3894e-01 out_d_real: 5.8955e+00 l_d_fake: 2.9110e-01 out_d_fake: -2.1150e+00 
2022-04-28 18:05:18,908 INFO: [finet..][epoch:  0, iter:  19,000, lr:(1.000e-04,)] [eta: 1 day, 0:48:47, time (data): 1.100 (0.005)] l_g_pix: 8.8721e-02 l_g_percep: 1.4939e+01 l_g_gan: 3.2395e-01 l_d_real: 3.9405e-01 out_d_real: 4.3652e+00 l_d_fake: 1.5925e-01 out_d_fake: -3.0793e+00 
2022-04-28 18:14:28,672 INFO: [finet..][epoch:  0, iter:  19,500, lr:(1.000e-04,)] [eta: 1 day, 0:39:06, time (data): 1.098 (0.005)] l_g_pix: 8.5845e-02 l_g_percep: 1.3045e+01 l_g_gan: 2.3804e-01 l_d_real: 2.4401e-01 out_d_real: 4.0246e+00 l_d_fake: 2.9848e-01 out_d_fake: -2.0817e+00 
2022-04-28 18:23:39,503 INFO: [finet..][epoch:  0, iter:  20,000, lr:(1.000e-04,)] [eta: 1 day, 0:29:48, time (data): 1.100 (0.005)] l_g_pix: 6.2564e-02 l_g_percep: 1.1882e+01 l_g_gan: 2.0414e-01 l_d_real: 2.9717e-01 out_d_real: 2.9129e+00 l_d_fake: 3.0632e-01 out_d_fake: -1.7349e+00 
2022-04-28 18:23:39,504 INFO: Saving models and training states.
